[backblue.gif]
[fade.gif]
[index.html]
[www.theroadunleashed.com/favicon.png]
[ajax.googleapis.com/ajax/libs/jquery/1.6.1/jquery.min.js]
[www.theroadunleashed.com/scripts/toggleScript]
[www.theroadunleashed.com/scripts/common]
[www.theroadunleashed.com/ads/ads_js]
[ajax.googleapis.com/ajax/libs/prototype/1.7/prototype.js]
[ajax.googleapis.com/ajax/libs/scriptaculous/1.8.3/scriptaculous.js]
[ajax.googleapis.com/ajax/libs/scriptaculous/1.8.3/effects.js]
[lh6.googleusercontent.com/_AiMw6GRvQuE/Tajd1KQZtvI/AAAAAAAAAJs/4oRptT1zCvo/s1600/Banner-FINAL.png]
[lh5.ggpht.com/--TcsVHX2MRs/UexaavzizyI/AAAAAAAAX-c/n45rd71fOdc/queen_mary_2_post-5384a.jpg]
[lh6.ggpht.com/-KOVh3Epp9wc/UexaXUuY2EI/AAAAAAAAX-M/r36WIHD8uDQ/queen_mary_2_post-3384a.jpg]
[lh4.ggpht.com/-RV39NHz4Xik/UexaZEKX_SI/AAAAAAAAX-U/nqmUntgM5io/queen_mary_2_post-4384a.jpg]
[lh5.ggpht.com/-SKsut2DPJIs/UexaUTgThoI/AAAAAAAAX-A/v00sAg49eKw/queen_mary_2_post-1384a.jpg]
[lh5.ggpht.com/-XPHDhvOpWxc/UexaVwKR8LI/AAAAAAAAX-I/qrGwvgWyX8w/queen_mary_2_post-2384a.jpg]
[lh6.ggpht.com/-NqyWh1FZWRc/Uexap4A2v4I/AAAAAAAAX_0/BwyiZlWRK8o/queen_mary_2_post-15384a.jpg]
[lh3.ggpht.com/-9UfGoMdbK6c/Uexai8hXCNI/AAAAAAAAX_I/0sEnCnLrwM4/queen_mary_2_post-10384a.jpg]
[lh5.ggpht.com/-T8EowIoBNcY/Uexal4615gI/AAAAAAAAX_c/wAzqW8bKBqg/queen_mary_2_post-12384a.jpg]
[lh5.ggpht.com/-svIlgUI-QUA/Uexa0rCyfdI/AAAAAAAAYAs/JMMuTdEwwUU/queen_mary_2_post-22384a.jpg]
[lh3.ggpht.com/-7YNhefEAaKc/Uexa2dod-oI/AAAAAAAAYA4/_rZwlML9uec/queen_mary_2_post-23384a.jpg]
[lh3.ggpht.com/-JyjsTWadEmk/UexauaT5k_I/AAAAAAAAYAM/jcqs0D-hIM8/queen_mary_2_post-18384a.jpg]
[lh5.ggpht.com/-JqFpzDRoi2Q/UexaslbeiYI/AAAAAAAAYAA/x0kkmq_XyMk/queen_mary_2_post-17384a.jpg]
[lh4.ggpht.com/-ts8t4o3ejDo/Uexa31qIo0I/AAAAAAAAYBA/MXTcS1HcP2k/queen_mary_2_post-24384a.jpg]
[lh6.ggpht.com/-Wz510Uuuurw/UexaeA4hhdI/AAAAAAAAX-s/WleDTrfBCuM/queen_mary_2_post-7384a.jpg]
[lh4.ggpht.com/-rzS5SBH52rw/UexakG7bo_I/AAAAAAAAX_Q/DPqbH7xePTc/queen_mary_2_post-11384a.jpg]
[lh6.ggpht.com/-1tD_iYL7_hg/Uexa4q8jOpI/AAAAAAAAYBI/AfqREzIFABg/queen_mary_2_post-25384a.jpg]
[lh6.ggpht.com/-Btcz-wgS3-g/Uexav_fmj6I/AAAAAAAAYAQ/IPz-RFR21E0/queen_mary_2_post-19384a.jpg]
[lh3.ggpht.com/-d8JzWmAeZbY/UexanabJrsI/AAAAAAAAX_g/bSWuLX652hI/queen_mary_2_post-13384a.jpg]
[www.theroadunleashed.com/posts/queen_mary_2_southampton_embarkation/comments/commentJS]
[www.theroadunleashed.com/posts/queen_mary_2_southampton_embarkation/comments/endpointJS]
[i2.wp.com/lh3.googleusercontent.com/-BbssBNxnX5s/TwDWCZbxuHI/AAAAAAAALrc/2u_Ka0CSjt4/s144/favicon_blueeb45.png]
[www.gravatar.com/avatar/759213d7ea18cdf3ce3fb8dd8dd3f16733fc.jpeg]
[www.gravatar.com/avatar/cae53c71e45e15b49fc9cd3c3517ed3b33fc.jpeg]
[www.gravatar.com/avatar/c5ec537f47e0db47240d44b79e49022533fc.jpeg]
[www.gravatar.com/avatar/5a2b9367a9a7fb70886b57c9223ca36033fc.jpeg]
[lh6.ggpht.com/_vqAAFYgeDm8/S0r30Tky34I/AAAAAAAACVQ/hq2eRFs8vSs/ajax-loader.gif]
[lh6.googleusercontent.com/_vqAAFYgeDm8/TZjuzjLDr_I/AAAAAAAAHZI/el8AqZwoMXs/s800/spacer.gif]
[www.theroadunleashed.com/posts/dogs_travel_packing_list/comments/commentJS]
[www.theroadunleashed.com/posts/dogs_travel_packing_list/comments/endpointJS]
[www.gravatar.com/avatar/3a125ce53c30d476d15fee9b5d41ea4933fc.jpeg]
[www.gravatar.com/avatar/a492a1b9738a2bab5833b79cc8c32ac633fc.jpeg]
[www.gravatar.com/avatar/6eb6b878fa6fa45bfd5b7cf8bab9a14233fc.png]
[lh3.ggpht.com/-C9WJzHkhfhc/UFD-nR7pMDI/AAAAAAAAVtQ/GgvPrd3Yfl8/venice_posts-20384a.jpg]
[lh4.ggpht.com/-ea_6JNKsdX4/UFD-ObnGOpI/AAAAAAAAVso/q_qme2jSonc/venice_posts-15384a.jpg]
[lh4.ggpht.com/-fTWzgmEsWEQ/UFD-ZKz3HzI/AAAAAAAAVs4/59MpSwxy4DQ/venice_posts-17384a.jpg]
[lh6.ggpht.com/-Bk62ev-F6uw/UFD-e48GlWI/AAAAAAAAVtA/aH1680_hEF4/venice_posts-18384a.jpg]
[lh6.ggpht.com/-YchvpC7Mm1E/UFEFKXInWHI/AAAAAAAAV24/sqPg_W9vM48/venice_posts-97384a.jpg]
[lh6.ggpht.com/-uhHyzEYZQBo/UFEF8V4nDKI/AAAAAAAAV4Q/Mrc-pfOpNtM/venice_posts-108384a.jpg]
[lh3.ggpht.com/-vzQTmqygX5Y/UFEF1_jGsNI/AAAAAAAAV4A/ZaOzz9NNLig/venice_posts-106384a.jpg]
[lh6.ggpht.com/-eOT84-ZRuCY/UFEF59hNMTI/AAAAAAAAV4I/kES7mSoicoE/venice_posts-107384a.jpg]
[lh4.ggpht.com/-_Vgt9jjavUI/UFEF_TyN67I/AAAAAAAAV4Y/DG3Sh041yYU/venice_posts-109384a.jpg]
[lh6.ggpht.com/-onH7jF5BCZk/UFD9WBxRNiI/AAAAAAAAVrI/GNf_Jd2TSVw/venice_posts-2384a.jpg]
[lh5.ggpht.com/-EpnRk34QBcg/UFD9QbYPbvI/AAAAAAAAVrA/3SzLt3wyHRE/venice_posts-1384a.jpg]
[lh3.ggpht.com/-0CNYmwZ4RWo/UFD9YogAz-I/AAAAAAAAVrQ/IN8UdfgeUTQ/venice_posts-4384a.jpg]
[lh5.ggpht.com/-MfV54p6HqF4/UFD_Z6rZOFI/AAAAAAAAVuY/3RSMEqUJ_wE/venice_posts-29384a.jpg]
[lh4.ggpht.com/-0owqsEew58Y/UFEEE74TGLI/AAAAAAAAV1Q/gaJDEgof9J8/venice_posts-84384a.jpg]
[lh6.ggpht.com/-D8aRL_5SfU0/UFD-_xR684I/AAAAAAAAVtw/icV8oRELe20/venice_posts-24384a.jpg]
[lh6.ggpht.com/-nOILvF8I_4s/UFD_IPFlJcI/AAAAAAAAVt4/0UJHv1T6waQ/venice_posts-25384a.jpg]
[lh5.ggpht.com/-hhtM3ZsDzOM/UFD-7hsqETI/AAAAAAAAVto/t-VTsrmvFM8/venice_posts-23384a.jpg]
[lh6.ggpht.com/-0yEiGeSWeNA/UFED2E9AKAI/AAAAAAAAV1A/EkdA_kz7ypg/venice_posts-82384a.jpg]
[lh5.ggpht.com/-SWR9jAyIF04/UFEANXCWx2I/AAAAAAAAVvo/q0KSoamX9Yw/venice_posts-39384a.jpg]
[lh5.ggpht.com/-yYRfPUXpjCg/UFEG8mZ5UII/AAAAAAAAV6U/r37MGZGZ_wQ/venice_posts-124384a.jpg]
[lh5.ggpht.com/-wDWqQq70xAA/UFED-D1Ti8I/AAAAAAAAV1I/wjSkTMSUm6E/venice_posts-83384a.jpg]
[lh4.ggpht.com/-kLobjzh9BAA/UFEACi4saFI/AAAAAAAAVvY/ry3UrCpPp54/venice_posts-37384a.jpg]
[www.theroadunleashed.com/posts/pet_friendly_venice_go_with_oh/comments/commentJS]
[www.theroadunleashed.com/posts/pet_friendly_venice_go_with_oh/comments/endpointJS]
[www.gravatar.com/avatar/36b4099c9761cfd51710aa4b154a494933fc.jpeg]
[lh3.ggpht.com/-IZ225VnDAX8/TwSUIco5D0I/AAAAAAAALyE/wUrIS7REi40/tuscany-56384a.jpg]
[lh5.ggpht.com/-VR2UTL30cUQ/TwSUS1qFOHI/AAAAAAAALyg/To6L0TSYC3s/tuscany-63384a.jpg]
[lh3.ggpht.com/-rol0_-w9WV4/TwSUNArSrwI/AAAAAAAALyQ/fH0qcKdn4zY/tuscany-59384a.jpg]
[lh4.ggpht.com/-2wDDwLUW2fM/TwSULnFlYEI/AAAAAAAALyM/iVWDqUjjoUM/tuscany-58384a.jpg]
[lh6.ggpht.com/-iM7RdSpFtVM/TwSUE90mK3I/AAAAAAAALx8/8Mpz37sloCE/tuscany-54384a.jpg]
[lh3.ggpht.com/-I5e1ewre-IE/TwSUGsfIxrI/AAAAAAAALyA/GH5TTY9zsgc/tuscany-55384a.jpg]
[lh5.ggpht.com/-GofyZE8raC4/TwSUQBnsuAI/AAAAAAAALyY/WKVQmvVv9-I/tuscany-61384a.jpg]
[lh4.ggpht.com/-XadvbRPHknc/TwSUOIvDqEI/AAAAAAAALyU/jYaikEK6P4U/tuscany-60384a.jpg]
[lh6.ggpht.com/-gUJtz08bNg4/TwSUJwDi6CI/AAAAAAAALyI/TMe_y6k0xp4/tuscany-57384a.jpg]
[www.theroadunleashed.com/posts/pet_friendly_tuscany_ciulli/comments/commentJS]
[www.theroadunleashed.com/posts/pet_friendly_tuscany_ciulli/comments/endpointJS]
[www.gravatar.com/avatar/8d833ff8bdb15e2e37db3d8533b1852833fc.jpeg]
[www.gravatar.com/avatar/034927309380370a18027d780fe00e4b33fc.jpeg]
[www.gravatar.com/avatar/793c08f5758fc5dcf9e5808a10e5ef2c33fc.jpeg]
[www.gravatar.com/avatar/137962d616f56a87fe877759de58b55333fc.jpeg]
[www.gravatar.com/avatar/4265ce566b1ece5735e55907afb53a8733fc.png]
[lh3.ggpht.com/-u1IIBmcZVvw/T3bxCCWAUhI/AAAAAAAAP9g/Csrjpzn1lOM/rome-180b967.jpg]
[lh4.ggpht.com/-bmBVnrjaElw/T2CJb2w4cVI/AAAAAAAAOzA/OF6lpMZNx0E/croatia_posts-106b967.jpg]
[lh3.ggpht.com/-hnqRN-wjUeM/TmaFeqOqkWI/AAAAAAAAAcc/A5N48WZdaiI/qm2-10b967.jpg]
[lh4.ggpht.com/-KqQizRGFgME/T0D8KsUhaHI/AAAAAAAAOrw/r0iyuwOlSRA/croatia_posts-8b967.jpg]
[lh3.ggpht.com/-MrZ20N7O2ik/T0DrcxP3RiI/AAAAAAAAOqI/Z4x9h7Fm7r8/switzerland_post-35b967.jpg]
[lh4.ggpht.com/-8pojQuyyBXE/TxmluCgyUQI/AAAAAAAAMrs/qz0D6SA5DXg/london-215b967.jpg]
[lh6.ggpht.com/-2dkFbpijmBc/TyrPsmzVqoI/AAAAAAAAOg4/pIFLskAFDqg/peak_district-73b967.jpg]
[lh4.ggpht.com/---ipMKIDpQ8/Txn2YM2mDXI/AAAAAAAANec/W88-0bIaW08/barcelona_post-203b967.jpg]
[lh6.ggpht.com/-JK_syGItstg/Tp2vYhg6t1I/AAAAAAAAJcs/Y6jnHZlp8Zw/madrid_post_pic-2b967.jpg]
[lh6.ggpht.com/-bs91wfdw3No/TyrKSihp75I/AAAAAAAAOXo/uD4u8PhEyj8/peak_district-74b967.jpg]
[lh3.ggpht.com/-u24hJHAQ4NY/TqFimdHY2VI/AAAAAAAAJO4/-Ei8gIbC0-U/brittany_ferries_post-20b967.jpg]
[lh5.ggpht.com/-j35vSKNdFkA/Tp3aaw-8x_I/AAAAAAAAI5U/y06JekpFNhY/cornwall_post-7b967.jpg]
[lh3.ggpht.com/-RMfUPXzfHaY/TplyJOBh71I/AAAAAAAAJS4/U--aBTEwICI/cotswolds_front_pic-28b967.jpg]
[lh3.ggpht.com/-SnbBjhQEphQ/TxxUV8VzvGI/AAAAAAAAAqU/C9Thp6Ws3E0/mrchewyb967.jpg]
[lh5.ggpht.com/-mkPwIFOSywQ/Tpl7tyJQ4nI/AAAAAAAAJX8/X4vvT7USvEQ/cotswolds_front_pic-74b967.jpg]
[lh4.ggpht.com/-4h4NvhcInhU/TmaJnKNhdUI/AAAAAAAAAms/REzpL88KJbI/qm2-174b967.jpg]
[lh6.ggpht.com/-zmGi8ddAm7w/TmaHkfC6ZEI/AAAAAAAAAgQ/-3US6Gt2zTY/qm2-71b967.jpg]
[lh5.ggpht.com/-3cUmkfHlDgg/TmaGsAYSOYI/AAAAAAAAAeU/qTIulIg818M/qm2-40b967.jpg]
[lh3.ggpht.com/-Rp34DW71HXY/TmaRlcfHv8I/AAAAAAAAAnM/x9sp5BBkuew/qm2_front-1b967.jpg]
[lh5.ggpht.com/-srt17RsADS0/TmaFLEDiHTI/AAAAAAAAAcA/Xc1lMzyvfPM/qm2-3b967.jpg]
[lh5.ggpht.com/-H4CYWPuCv7o/TqFr5IDLuDI/AAAAAAAAAnw/iZQjKEGAJlg/brooklyn_hotel-2b967.jpg]
[lh5.ggpht.com/--6iJyoAeCIE/TmaFcYz5sNI/AAAAAAAAAcY/vrUI9Mmn8Qg/qm2-9b967.jpg]
[lh3.ggpht.com/-roaSruCGLJI/TkaBbEs4H4I/AAAAAAAAARc/PL2Wj4B4FqM/savannah_with_dogs-7b967.jpg]
[lh6.ggpht.com/-r-Ya9b8DZug/TkQK6ga389I/AAAAAAAAAPU/IjdnYw0ox6Q/herbert_taylor_park-1b967.jpg]
[lh4.ggpht.com/-7NkMCihtwHY/TgtXFyCFSCI/AAAAAAAAAOI/lVhNHXgfDxs/hhrestaurants-19b967.jpg]
[lh4.ggpht.com/-WnwRAfHSyrk/TeaA0uVXDSI/AAAAAAAAAMM/cB_cS-mssVI/Southampton,-UK-to-Rijeka,-b967.jpg]
[lh3.ggpht.com/_AiMw6GRvQuE/TbihdpOAcxI/AAAAAAAAAKo/flX7P31SXVY/Hilton_head_beaches-17b967.jpg]
[lh3.ggpht.com/_vqAAFYgeDm8/Ta8HHAvP1qI/AAAAAAAAHgA/zyX3x4BHU5Y/chewy_eating-4b967.jpg]
[lh5.ggpht.com/_AiMw6GRvQuE/TaIrOCGeikI/AAAAAAAAAHY/XV4V-mUqWMM/hilton_head_dogs-1b967.jpg]
[lh4.googleusercontent.com/_AiMw6GRvQuE/TZiXh_5QMnI/AAAAAAAAACY/j66-jXvB6Mg/s800/about.png]
[lh3.googleusercontent.com/_AiMw6GRvQuE/TaNlSKO_5jI/AAAAAAAAAIY/t4hEhnfEjrk/s800/about_pic.png]
[lh5.googleusercontent.com/_AiMw6GRvQuE/TaH-fyLgXNI/AAAAAAAAAFg/Oq5hg4jqXpc/s800/twit2.png]
[lh4.googleusercontent.com/_AiMw6GRvQuE/TaH-fypLApI/AAAAAAAAAFY/ZdVJMf1VWq4/s800/fb2.png]
[lh3.googleusercontent.com/_AiMw6GRvQuE/TaH-gIJpywI/AAAAAAAAAFk/P3pA_3zqaxM/s800/email2.png]
[lh4.googleusercontent.com/_AiMw6GRvQuE/TaH-fwZDJOI/AAAAAAAAAFc/6vNd8BGLjRE/s800/rss2.png]
[lh4.googleusercontent.com/_AiMw6GRvQuE/TZiXg83wi8I/AAAAAAAAACE/lo6dY0G5Aoo/s800/subscribe-email.png]
[pagead2.googlesyndication.com/pagead/f.txt]
[lh6.googleusercontent.com/_AiMw6GRvQuE/TaI04urhBxI/AAAAAAAAAH0/cKHCnDuvVb4/s800/featured_posts.png]
[lh3.googleusercontent.com/_vqAAFYgeDm8/TP0dVSUUMgI/AAAAAAAAFQo/jcIOjOzgjjQ/s288/chewy_birthday_post-1-2.jpg]
[lh5.googleusercontent.com/_vqAAFYgeDm8/S_rDJEsa3XI/AAAAAAAAD5k/bfW1VpBmv0M/s288/ellijay_basking_pic13.jpg]
[lh6.googleusercontent.com/_AiMw6GRvQuE/TZiXh4YOVFI/AAAAAAAAACg/Wi4SvjwfW0g/s800/dbbutton.png]
[www.theroadunleashed.com/index.html]
[www.theroadunleashed.com/common_css.css]
[216.14.121.90_8888/background-new.png]
[lh5.googleusercontent.com/_vqAAFYgeDm8/TVgAoTM3wwI/AAAAAAAAGwc/mvqsYfRa52c/s800/pulldown_tab.gif]
[lh5.googleusercontent.com/_vqAAFYgeDm8/TVgAoU1DkzI/AAAAAAAAGwY/5gcCbiRnRwM/s800/pullup_tab.gif]
[lh4.googleusercontent.com/_AiMw6GRvQuE/TZjoXYsCATI/AAAAAAAAADc/4EfoYOtFg-k/s800/add_comment.png]
[lh5.ggpht.com/_vqAAFYgeDm8/TRvC_JQ9iDI/AAAAAAAAFkk/pnb8_JCdRKk/s800/post-title-icon-4343.png]
[lh6.googleusercontent.com/-lvPNSmIPhJA/TZjoYZgQXeI/AAAAAAAAAD0/9NkfR6aXxlY/s800/related_posts.png]
[lh5.googleusercontent.com/_AiMw6GRvQuE/TaIBXLDev1I/AAAAAAAAAF0/IKhdvT2vmcU/s800/tailwaggin_comments.png]
[lh6.ggpht.com/_vqAAFYgeDm8/TTMX6PX6tKI/AAAAAAAAGlM/mQKQ1JS6BEo/s800/reply_button.png]
[lh5.ggpht.com/_vqAAFYgeDm8/TTMX5wpuo2I/AAAAAAAAGlI/TLrfZ4Haf-Q/s800/reply_button_green.png]
[lh3.googleusercontent.com/_AiMw6GRvQuE/TZjoYHjKTzI/AAAAAAAAADs/v7iifCENiEM/s800/post_div_320.png]
[lh3.googleusercontent.com/_AiMw6GRvQuE/TZiXhh8Eu9I/AAAAAAAAACQ/HyXRtcM7d4U/s800/postdivider.png]
[lh6.googleusercontent.com/_AiMw6GRvQuE/TZiXfJyN7aI/AAAAAAAAABQ/0rvNEWxsq_Y/s800/home-white.png]
[lh4.googleusercontent.com/_AiMw6GRvQuE/TZiXgZyKyRI/AAAAAAAAAB0/G0fiVjiovuY/s800/home.png]
[lh6.googleusercontent.com/_AiMw6GRvQuE/TZiXe7ga6QI/AAAAAAAAABE/JCr9Wd6h4rg/s800/sit.png]
[lh4.googleusercontent.com/_AiMw6GRvQuE/TaHxslUco6I/AAAAAAAAAEs/noYumQ9O8XU/s800/tips-and-tricks2.png]
[lh6.googleusercontent.com/_AiMw6GRvQuE/TZiXfmNLCwI/AAAAAAAAABc/XLagF1SVppE/s800/heel.png]
[lh4.googleusercontent.com/_AiMw6GRvQuE/TZiXgJ0TraI/AAAAAAAAABs/Jcevo5iBfek/s800/places.png]
[lh6.googleusercontent.com/_AiMw6GRvQuE/TZiXe0VGLmI/AAAAAAAAABM/-328tcLmZsc/s800/wag.png]
[lh5.googleusercontent.com/_AiMw6GRvQuE/TZiXgS2D-RI/AAAAAAAAABw/-KMHEzifPjY/s800/insp.png]
[lh6.googleusercontent.com/_AiMw6GRvQuE/TZiXe_oW7LI/AAAAAAAAABI/2dzP9b6ypZo/s800/look.png]
[lh5.googleusercontent.com/_AiMw6GRvQuE/TaHxs0y4RnI/AAAAAAAAAEw/Dw9r_q5aHz8/s800/candid2(1).png]
[lh5.googleusercontent.com/_AiMw6GRvQuE/TZiXfaq3WUI/AAAAAAAAABU/kSdzdQ-lAJg/s800/fetch.png]
[lh6.googleusercontent.com/_AiMw6GRvQuE/TZiXfZps9aI/AAAAAAAAABY/1hpTTbO-UiM/s800/kisses.png]
[lh3.googleusercontent.com/_AiMw6GRvQuE/TZiXgT1VZrI/AAAAAAAAAB4/w3tK9wVHzKM/s800/links.png]
[cse.google.com/coop/intl/en/images/google_custom_search_watermark.gif]
[lh6.googleusercontent.com/_AiMw6GRvQuE/TaILosZFO1I/AAAAAAAAAGg/0bXYazs5I0A/s800/bullet_image.png]
[lh6.ggpht.com/_vqAAFYgeDm8/TRvBfandkSI/AAAAAAAAFic/IRn8Bu2k23I/s800/africainfocus_cat_pic.jpg]
[lh3.ggpht.com/_vqAAFYgeDm8/TRvBfmLJASI/AAAAAAAAFio/x9ntuBT3lTk/s800/australia_cat_pic.jpg]
[lh3.ggpht.com/_vqAAFYgeDm8/TRvBxl45D-I/AAAAAAAAFi0/H3iZbefMjLE/s800/cambodia_cat_pic.jpg]
[lh3.ggpht.com/_vqAAFYgeDm8/TRvBx1UIERI/AAAAAAAAFi8/bhmMIHvP_S0/s800/china_cat_pic.jpg]
[lh4.ggpht.com/_vqAAFYgeDm8/TRvCMkkeLkI/AAAAAAAAFjg/J8Z56H03U88/s800/hawaii_cat_pic.jpg]
[lh5.ggpht.com/_vqAAFYgeDm8/TRvCWCVhiiI/AAAAAAAAFjo/w18D_YZ0jyM/s800/india_cat_pic.jpg]
[lh3.ggpht.com/_vqAAFYgeDm8/TRvw0todohI/AAAAAAAAFmk/hfi6t6kGJBI/s800/ireland_cat_pic.jpg]
[lh4.ggpht.com/_vqAAFYgeDm8/TRvCWGbc7rI/AAAAAAAAFjs/Lr6XGS3v-VI/s800/italy_cat_pic.jpg]
[lh6.ggpht.com/_vqAAFYgeDm8/TRvCWKlOP4I/AAAAAAAAFjw/gMyIvLBIBLs/s800/japan_cat_pic.jpg]
[lh4.ggpht.com/_vqAAFYgeDm8/TRvClDl4iNI/AAAAAAAAFj8/7N3bkNAoxX0/s800/newzealand_cat_pic.jpg]
[lh6.ggpht.com/_vqAAFYgeDm8/TRvC_I-q4VI/AAAAAAAAFko/G1n6D05hPYA/s800/puertorico_cat_pic.jpg]
[lh4.ggpht.com/_vqAAFYgeDm8/TRvDaIAkmZI/AAAAAAAAFlA/_dnetd9PtKU/s800/southkorea_cat_pic.jpg]
[lh4.ggpht.com/_vqAAFYgeDm8/TRvDafXnuwI/AAAAAAAAFlE/9vhmUsosDgs/s800/thailand_cat_pic.jpg]
[lh5.ggpht.com/_vqAAFYgeDm8/TRvBxuW7kRI/AAAAAAAAFi4/N5NLLI4t4hQ/s800/chewy_cat_pic.jpg]
[lh4.ggpht.com/_vqAAFYgeDm8/TRvpsW3DIOI/AAAAAAAAFmA/fm-j53GJPTM/s800/gear_cat_pic.jpg]
[lh4.ggpht.com/_vqAAFYgeDm8/TRvCzf_zDcI/AAAAAAAAFkg/XEJnG_ROqx8/s800/plan_cat_pic2.jpg]
[lh5.ggpht.com/_vqAAFYgeDm8/TRvC_Dd1x3I/AAAAAAAAFkw/PqhW5yyK7po/s800/recipes_cat_pic2.jpg]
[www.theroadunleashed.com/css/styles_css4e0d.css]
[lh4.ggpht.com/_vqAAFYgeDm8/TSCjrpUJ2aI/AAAAAAAAGUg/dz-6zqWxUQo/s800/spacer.gif]
[www.theroadunleashed.com/css/lightview.css]
[www.theroadunleashed.com/scripts/lightview.js]
[www.theroadunleashed.com/tagger/favicon.png]
[lh4.ggpht.com/-8pojQuyyBXE/TxmluCgyUQI/AAAAAAAAMrs/qz0D6SA5DXg/london-215384a.jpg]
[lh6.ggpht.com/-arukSAUch1g/TxmkyDTcr3I/AAAAAAAAMqc/7_S_-bJE3AM/london-205384a.jpg]
[lh3.ggpht.com/-SnbBjhQEphQ/TxxUV8VzvGI/AAAAAAAAAqU/C9Thp6Ws3E0/mrchewy384a.jpg]
[www.rafflecopter.com/static/js/raflcptr/build/raflcptr.min.19e.delayed]
[www.theroadunleashed.com/posts/Mr_Chewy_Giveaway/comments/commentJS]
[www.theroadunleashed.com/posts/Mr_Chewy_Giveaway/comments/endpointJS]
[lh6.ggpht.com/-kt6fjKosb2s/TmaGqSh2ZOI/AAAAAAAAAeQ/guH93XmQJ2M/qm2-39384a.jpg]
[lh4.ggpht.com/-1DA_6S0yWVE/TmaFVhf3AvI/AAAAAAAAAcM/Rbi1kkWOfxw/qm2-6384a.jpg]
[lh6.ggpht.com/-jo-QrGCShyc/TmaGE9gUUUI/AAAAAAAAAdQ/A6c8puqOS00/qm2-23384a.jpg]
[lh4.ggpht.com/-9L3UIBgtaos/TmaGJhNjGYI/AAAAAAAAAdY/gfeVdINEvWM/qm2-25384a.jpg]
[lh4.ggpht.com/-I55cDnqxC8I/TmaGMjh3D6I/AAAAAAAAAdc/71Ay56sh6zc/qm2-26384a.jpg]
[lh5.ggpht.com/-z6nyeaYsqn4/TmaGS9NbMTI/AAAAAAAAAdo/IQBbU8Qjk6w/qm2-29384a.jpg]
[lh4.ggpht.com/-s6N-0-xniS8/TmaGQY94RWI/AAAAAAAAAdk/R1cHw6onU58/qm2-28384a.jpg]
[lh5.ggpht.com/-trKiwb-VYeM/TmaGevHsCFI/AAAAAAAAAd4/5K_ljqdxEGw/qm2-33384a.jpg]
[lh4.ggpht.com/-3P-saQY5e_o/TmaGWE6pwlI/AAAAAAAAAds/3PI0esHQQos/qm2-30384a.jpg]
[lh6.ggpht.com/-NNYpuCllTyA/TmaGg2OUCcI/AAAAAAAAAd8/l2lTxM0QS54/qm2-34384a.jpg]
[lh3.ggpht.com/-ufMR_rtp3O8/TmaGkwFluuI/AAAAAAAAAeE/iEdR4ek-wp4/qm2-36384a.jpg]
[lh6.ggpht.com/-4sEzyyfYspc/TmaGxj8BdvI/AAAAAAAAAec/EyQZmYNy5lw/qm2-42384a.jpg]
[lh3.ggpht.com/-9sQysGULspI/TmaG0PsANuI/AAAAAAAAAeg/O5SRxkcqrkE/qm2-43384a.jpg]
[lh3.ggpht.com/-HUiLivDamuY/TmaGvJUYcxI/AAAAAAAAAeY/h2lLu1mUxzk/qm2-41384a.jpg]
[lh5.ggpht.com/-cPFnKcw9XX8/TmaG2y5nFGI/AAAAAAAAAek/3PXt9Rx2ZjM/qm2-44384a.jpg]
[lh6.ggpht.com/-MoOYmH8bAlo/TmaHZIUXhfI/AAAAAAAAAfw/J-b3wbXYeWM/qm2-63384a.jpg]
[lh3.ggpht.com/-tMB2s7NQIM0/TmaHavwGFNI/AAAAAAAAAf0/2S1iMlmWWO8/qm2-64384a.jpg]
[lh6.ggpht.com/-KLHxO-sTd00/TmaG9PAHhXI/AAAAAAAAAes/yPyU1ogAZ3A/qm2-46384a.jpg]
[www.theroadunleashed.com/posts/qm2_kennels_embarkation/comments/commentJS]
[www.theroadunleashed.com/posts/qm2_kennels_embarkation/comments/endpointJS]
[www.gravatar.com/avatar/0f764ea3b42ede0e7c3e11497aeaab7f33fc.jpeg]
[www.gravatar.com/avatar/1582e4edcbca5703529bc6cf7df44fe233fc.png]
[www.gravatar.com/avatar/c40b4072a6cfc4be12f43e392640c59133fc.jpeg]
[www.gravatar.com/avatar/f36f251877652f6baa9d1c2fde2f82a033fc.jpeg]
[lh5.ggpht.com/--6iJyoAeCIE/TmaFcYz5sNI/AAAAAAAAAcY/vrUI9Mmn8Qg/qm2-9384a.jpg]
[www.theroadunleashed.com/posts/how_to_take_your_dogs_to_europe_paperwork/comments/commentJS]
[www.theroadunleashed.com/posts/how_to_take_your_dogs_to_europe_paperwork/comments/endpointJS]
[www.theroadunleashed.com/tagger6129.html]
[lh6.ggpht.com/-z4fY3XyWSAE/T3bvbuFVnEI/AAAAAAAAPoE/VgnbtS9M2DU/rome-8384a.jpg]
[lh6.ggpht.com/-wLz-CRfXXFo/T3bvXHyHudI/AAAAAAAAPnI/7rTXuXiqS38/rome-1384a.jpg]
[lh4.ggpht.com/-XBeaqwdM5WQ/T3bvX1pWE-I/AAAAAAAAPnQ/1lIajt3QJ-I/rome-2384a.jpg]
[lh3.ggpht.com/-XPzC3Gbv0NM/T3bvYYib1QI/AAAAAAAAPnY/e2XSCLQQz-o/rome-3384a.jpg]
[lh5.ggpht.com/-DtQBpOEvbGE/T3bvZLfWLbI/AAAAAAAAPng/xpcWNW7EvZ4/rome-4384a.jpg]
[lh4.ggpht.com/-IFmMuLZXJW0/T3bvZ5vKGQI/AAAAAAAAPno/cO17KHQANYc/rome-5384a.jpg]
[lh4.ggpht.com/-Lrtt07MJRDc/T3bxQ3zm__I/AAAAAAAAQAI/Jod-NA0g9Fs/rome-201384a.jpg]
[lh5.ggpht.com/-mrnpTxzmXjA/T3bxSU0t_yI/AAAAAAAAQAY/k1wD5igbb7E/rome-203384a.jpg]
[lh3.ggpht.com/-m1tLHAJMRzc/T3bxW5BdqFI/AAAAAAAAQBA/6Zz9Bx_YylQ/rome-208384a.jpg]
[lh5.ggpht.com/-_TQBxH_5GVg/T3bxYhZAD-I/AAAAAAAAQBQ/bmlB9PoWHXo/rome-210384a.jpg]
[lh4.ggpht.com/-Jncqn81UHwU/T3bxWC9lYFI/AAAAAAAAQA4/kpP2vojb5qQ/rome-207384a.jpg]
[lh3.ggpht.com/-MtE3LQw_lPo/T3bxVU3_2AI/AAAAAAAAQAw/spjeOMce-Ys/rome-206384a.jpg]
[lh3.ggpht.com/-u1IIBmcZVvw/T3bxCCWAUhI/AAAAAAAAP9g/Csrjpzn1lOM/rome-180384a.jpg]
[www.theroadunleashed.com/posts/pet_friendly_rome_apartment_and_parks/comments/commentJS]
[www.theroadunleashed.com/posts/pet_friendly_rome_apartment_and_parks/comments/endpointJS]
[www.gravatar.com/avatar/76e4e19975ef90ce832a5f131435531133fc.jpeg]
[www.theroadunleashed.com/tagger749a.html]
[lh6.ggpht.com/-QwaGtTOmEaI/T0DspL1VEoI/AAAAAAAAOrQ/lYTegV5NxDw/croatia_posts-2384a.jpg]
[lh3.ggpht.com/-hnqRN-wjUeM/TmaFeqOqkWI/AAAAAAAAAcc/A5N48WZdaiI/qm2-10384a.jpg]
[www.theroadunleashed.com/posts/the_are_we_insane_moment/comments/commentJS]
[www.theroadunleashed.com/posts/the_are_we_insane_moment/comments/endpointJS]
[www.gravatar.com/avatar/78cf30d9f05635d4fcbc970441e3f75333fc.jpeg]
[lh4.ggpht.com/-4h4NvhcInhU/TmaJnKNhdUI/AAAAAAAAAms/REzpL88KJbI/qm2-174384a.jpg]
[lh5.ggpht.com/-s2TWpDAZsVs/TmaFr1lzBgI/AAAAAAAAAcs/5djuUbmoq4w/qm2-14384a.jpg]
[www.theroadunleashed.com/posts/why_travel_with_dogs/comments/commentJS]
[www.theroadunleashed.com/posts/why_travel_with_dogs/comments/endpointJS]
[www.gravatar.com/avatar/b23e1bc45ccfcc6deb496f6ff920720533fc.jpeg]
[www.gravatar.com/avatar/67d4998eeb39d774d6a2e988d1cde2fb33fc.jpeg]
[www.gravatar.com/avatar/fe0d8b89b4f9b51d68ae5f359189a5a933fc.jpeg]
[www.gravatar.com/avatar/72d19819d844335f63da12d8a35cd03233fc.jpeg]
[www.gravatar.com/avatar/265c8b31eb23224786ee72df898f9af833fc.jpeg]
[www.theroadunleashed.com/tagger12bb.html]
[lh5.ggpht.com/_vqAAFYgeDm8/Ta8HGK35liI/AAAAAAAAHf0/Sc8TAvoj6vY/chewy_eating-1384a.jpg]
[lh3.ggpht.com/_vqAAFYgeDm8/Ta8HGb2y1fI/AAAAAAAAHf4/_61Tk6Wsc6o/chewy_eating-2384a.jpg]
[lh3.ggpht.com/_vqAAFYgeDm8/Ta8HGw3YDSI/AAAAAAAAHf8/NpvEDHr80MY/chewy_eating-3384a.jpg]
[www.theroadunleashed.com/posts/ww_evolution_of_a_treat/comments/commentJS]
[www.theroadunleashed.com/posts/ww_evolution_of_a_treat/comments/endpointJS]
[www.gravatar.com/avatar/5532e20c1178f2b4b661cb674f2f2d5033fc.jpeg]
[www.gravatar.com/avatar/22c334f58a251b3d105f3bd53683c0be33fc.jpeg]
[www.gravatar.com/avatar/6d71c476e28323081d98cc4bc02995b133fc.jpeg]
[www.gravatar.com/avatar/a8b74d49c1898d0dbb5f6dd6b2e7cf7133fc.jpeg]
[www.gravatar.com/avatar/da46ddf09a5c3a5e924d9fda380f40ed33fc.jpeg]
[www.gravatar.com/avatar/01599632499efbf40fdda25660b7777533fc.png]
[www.gravatar.com/avatar/98cf4d011950e17c291323b9b91d921f33fc.png]
[www.gravatar.com/avatar/79e72952a35830c7561c1457d6f9b0d333fc.jpeg]
[www.gravatar.com/avatar/d57ea7ef3182f0440a747802855f4ef133fc.jpeg]
[www.gravatar.com/avatar/08d9e858c2ccf639e565b9e560b1fedb33fc.jpeg]
[www.gravatar.com/avatar/7596a9a7fa7f0281c679e56166f36b6633fc.png]
[www.gravatar.com/avatar/36c49acb3467411afc92124a857d981033fc.jpeg]
[www.theroadunleashed.com/tagger7755.html]
[www.theroadunleashed.com/archives/favicon.png]
[lh3.googleusercontent.com/_AiMw6GRvQuE/TZiXf3rnv0I/AAAAAAAAABk/uep3U850fZ0/Banner-FINAL.png]
[lh3.ggpht.com/-9LuJ7y7xhn8/UexahQXdtxI/AAAAAAAAX_E/eHOaA8RNiM0/queen_mary_2_post-9b967.jpg]
[lh4.ggpht.com/-o3fL54qzyyw/SmOcY2_Ba5I/AAAAAAAAAjQ/S0Xbz3Vo1zM/dog_luggage_picb967.jpg]
[lh3.ggpht.com/-0CNYmwZ4RWo/UFD9YogAz-I/AAAAAAAAVrQ/IN8UdfgeUTQ/venice_posts-4b967.jpg]
[lh6.ggpht.com/-iM7RdSpFtVM/TwSUE90mK3I/AAAAAAAALx8/8Mpz37sloCE/tuscany-54b967.jpg]
[www.theroadunleashed.com/archives.html]
[www.theroadunleashed.com/links/favicon.png]
[www.theroadunleashed.com/links.html]
[www.theroadunleashed.com/posts/queen_mary_2_southampton_embarkation/favicon.png]
[lh5.ggpht.com/-3cUmkfHlDgg/TmaGsAYSOYI/AAAAAAAAAeU/qTIulIg818M/qm2-40981f.jpg]
[lh4.ggpht.com/-4h4NvhcInhU/TmaJnKNhdUI/AAAAAAAAAms/REzpL88KJbI/qm2-174981f.jpg]
[lh6.ggpht.com/-zmGi8ddAm7w/TmaHkfC6ZEI/AAAAAAAAAgQ/-3US6Gt2zTY/qm2-71981f.jpg]
[lh5.ggpht.com/-H4CYWPuCv7o/TqFr5IDLuDI/AAAAAAAAAnw/iZQjKEGAJlg/brooklyn_hotel-2981f.jpg]
[www.theroadunleashed.com/posts/queen_mary_2_southampton_embarkation.html]
[www.theroadunleashed.com/posts/qm2_kennels_embarkation/favicon.png]
[lh5.ggpht.com/-srt17RsADS0/TmaFLEDiHTI/AAAAAAAAAcA/Xc1lMzyvfPM/qm2-3981f.jpg]
[lh5.ggpht.com/--6iJyoAeCIE/TmaFcYz5sNI/AAAAAAAAAcY/vrUI9Mmn8Qg/qm2-9981f.jpg]
[lh4.googleusercontent.com/-72bQCpJ5Ka0/ToCUAC6fj0I/AAAAAAAAIaI/4jRMXmvZH64/s800/favicon_travel.png]
[lh3.ggpht.com/-NaTn3HSAOFo/TnIF6iRaXZI/AAAAAAAAIXk/fwj5thJKtdM/qm2_front-1-2981f.jpg]
[www.theroadunleashed.com/posts/qm2_kennels_embarkation.html]
[www.theroadunleashed.com/posts/dogs_travel_packing_list/amazonEndpointsJS.html]
[www.theroadunleashed.com/posts/dogs_travel_packing_list/amazonJS]
[www.theroadunleashed.com/posts/dogs_travel_packing_list/favicon.png]
[lh4.ggpht.com/_vqAAFYgeDm8/SmOcY2_Ba5I/AAAAAAAAAjQ/bjRns2GQLTY/dog_luggage_pic981f.jpg]
[lh6.ggpht.com/_vqAAFYgeDm8/Sy7hAH470sI/AAAAAAAAB-A/yUBpTKkseMY/backpack_frontpic2981f.jpg]
[lh3.ggpht.com/_vqAAFYgeDm8/TIi5uai5biI/AAAAAAAAEvQ/GwYEptvTuo4/dog_luggage_pic2981f.jpg]
[lh4.ggpht.com/_vqAAFYgeDm8/TF3FY6gftqI/AAAAAAAAEcI/_pBV-ZVpK2Q/one_year_frontpic981f.jpg]
[www.theroadunleashed.com/posts/dogs_travel_packing_list.html]
[www.theroadunleashed.com/arellesleepypods.co.html]
[www.theroadunleashed.com/posts/pet_friendly_venice_go_with_oh/favicon.png]
[lh6.ggpht.com/-onH7jF5BCZk/UFD9WBxRNiI/AAAAAAAAVrI/GNf_Jd2TSVw/venice_posts-2981f.jpg]
[lh5.ggpht.com/-j35vSKNdFkA/Tp3aaw-8x_I/AAAAAAAAI5U/y06JekpFNhY/cornwall_post-7981f.jpg]
[lh5.ggpht.com/-eRdMQLGlBp0/TwSXLOz8RcI/AAAAAAAAL7c/pyvI9LlKBKc/tuscany-206981f.jpg]
[lh5.ggpht.com/-FtlH6-cb1mU/TwSZr8o5xtI/AAAAAAAAMDA/FGSAR-Jk9oM/tuscany-327981f.jpg]
[www.theroadunleashed.com/posts/pet_friendly_venice_go_with_oh.html]
[www.theroadunleashed.com/posts/pet_friendly_tuscany_ciulli/favicon.png]
[lh3.ggpht.com/-u1IIBmcZVvw/T3bxCCWAUhI/AAAAAAAAP9g/Csrjpzn1lOM/rome-180981f.jpg]
[lh4.ggpht.com/-uwQRBsaXmoE/TwSUWKC7k0I/AAAAAAAALys/HqRYzHc6pKw/tuscany-66981f.jpg]
[lh5.ggpht.com/-sOSh9BfDqVc/TwST4sY-g6I/AAAAAAAALxc/iWXrylkbZkM/tuscany-46981f.jpg]
[www.theroadunleashed.com/posts/pet_friendly_tuscany_ciulli.html]
[www.theroadunleashed.com/posts/pet_friendly_rome_apartment_and_parks/favicon.png]
[lh3.ggpht.com/-0Q1BXDR9-ME/TwSU-rBIvoI/AAAAAAAAL0g/qpAQ3Z1DUPM/tuscany-95981f.jpg]
[lh5.ggpht.com/-27oVb62o7Ak/T6AYN90tkYI/AAAAAAAAQzk/fzPwTzo8-NY/tbu_umbria_posts-50981f.jpg]
[www.theroadunleashed.com/posts/pet_friendly_rome_apartment_and_parks.html]
[www.theroadunleashed.com/posts/pet_friendly_zagreb_apartment_parks/favicon.png]
[lh4.ggpht.com/-_fiYlN0iwsc/T0Etl9zH4pI/AAAAAAAAOx0/JJC1MWtaetU/croatia_posts-104384a.jpg]
[lh5.ggpht.com/-zvzz2VOtO0A/T2CJwp46SjI/AAAAAAAAO0Y/jMU0o-71Gsg/croatia_posts-116384a.jpg]
[lh6.ggpht.com/-hTfcGsxZGzY/T2CJh_8GtMI/AAAAAAAAOzU/h3oq6ZYVY3o/croatia_posts-109384a.jpg]
[lh4.ggpht.com/-bmBVnrjaElw/T2CJb2w4cVI/AAAAAAAAOzA/OF6lpMZNx0E/croatia_posts-106384a.jpg]
[lh5.ggpht.com/-d4Qz7GpuPVc/T2CJh_fZ68I/AAAAAAAAOzY/1SfM4qgXDIc/croatia_posts-108384a.jpg]
[lh3.ggpht.com/--sgI8OR94rQ/T2CJoZMlsqI/AAAAAAAAOz8/QBVzX6rJbJk/croatia_posts-113384a.jpg]
[lh4.ggpht.com/-6OVxYHWaTKg/T0EtGeeZ9kI/AAAAAAAAOxU/ZYsQh4jsIuQ/croatia_posts-96384a.jpg]
[lh4.ggpht.com/-ZcBQn9Rz07E/T0EtClWQmUI/AAAAAAAAOxQ/7LjOsTWfvfw/croatia_posts-95384a.jpg]
[lh5.ggpht.com/-gWjsbGBu_T0/T0EtJJtL_rI/AAAAAAAAOxY/RbrWdJ37Crs/croatia_posts-97384a.jpg]
[lh4.ggpht.com/-T5Q_hmyKf7I/T2CJ5Umet7I/AAAAAAAAO1E/NpesHbC0zo8/croatia_posts-123981f.jpg]
[lh6.ggpht.com/-Cx9mt4zTFi8/T2CKs3DyI_I/AAAAAAAAO48/YO4KCsyKY4s/croatia_posts-154981f.jpg]
[lh4.ggpht.com/-KqQizRGFgME/T0D8KsUhaHI/AAAAAAAAOrw/r0iyuwOlSRA/croatia_posts-8981f.jpg]
[lh3.ggpht.com/-u24hJHAQ4NY/TqFimdHY2VI/AAAAAAAAJO4/-Ei8gIbC0-U/brittany_ferries_post-20981f.jpg]
[www.theroadunleashed.com/posts/pet_friendly_zagreb_apartment_parks/comments/commentJS]
[www.theroadunleashed.com/posts/pet_friendly_zagreb_apartment_parks/comments/endpointJS]
[www.gravatar.com/avatar/370b38f4936954e5aee44ae4f6b8a03033fc.jpeg]
[www.gravatar.com/avatar/f2d7c8384a95be44917ba087f5aa19d233fc.jpeg]
[www.theroadunleashed.com/posts/pet_friendly_zagreb_apartment_parks.html]
[www.theroadunleashed.com/posts/the_are_we_insane_moment/favicon.png]
[lh6.ggpht.com/-bs91wfdw3No/TyrKSihp75I/AAAAAAAAOXo/uD4u8PhEyj8/peak_district-74981f.jpg]
[lh4.ggpht.com/-WnwRAfHSyrk/TeaA0uVXDSI/AAAAAAAAAMM/cB_cS-mssVI/Southampton,-UK-to-Rijeka,-981f.jpg]
[www.theroadunleashed.com/posts/the_are_we_insane_moment.html]
[www.theroadunleashed.com/posts/pet_friendly_istria_parks_apartment/favicon.png]
[lh4.ggpht.com/-KqQizRGFgME/T0D8KsUhaHI/AAAAAAAAOrw/r0iyuwOlSRA/croatia_posts-8384a.jpg]
[lh3.ggpht.com/-27gflEWTOeU/T2CLdX_pf0I/AAAAAAAAO9A/Ll8ENXwjfjY/croatia_posts-185384a.jpg]
[lh3.ggpht.com/-pGgZEHthC3U/T2CLw-ivd3I/AAAAAAAAO-c/uWsf6jGvtuA/croatia_posts-197384a.jpg]
[lh6.ggpht.com/-8vQA0Mwb_cA/T2CLyxuSacI/AAAAAAAAO-s/E-eZ6Lgq518/croatia_posts-198384a.jpg]
[lh6.ggpht.com/-CXs7lOyQhfo/T2CLep4Hu9I/AAAAAAAAO9I/tOP3Kn74QYQ/croatia_posts-186384a.jpg]
[lh3.ggpht.com/-wNPu6Z_AcKw/T2CLbHmmbNI/AAAAAAAAO8w/TFulQ5QBWvQ/croatia_posts-183384a.jpg]
[lh4.ggpht.com/-ZlvBK7unWiI/T0EA94QHlMI/AAAAAAAAOvY/NtJjl4-pGNM/croatia_posts-66384a.jpg]
[lh5.ggpht.com/-vDMDNQ__x-8/T0EAmbHiYKI/AAAAAAAAOvI/gzXxLYmcvJQ/croatia_posts-62384a.jpg]
[lh6.ggpht.com/-rqvG4wUcLAI/T0D-XkmP4OI/AAAAAAAAOtE/ReNbCLY6nb0/croatia_posts-29384a.jpg]
[lh3.ggpht.com/-RE1n4MGZdyM/T0D-v-17LPI/AAAAAAAAOtU/_hhjyVVF9_w/croatia_posts-33384a.jpg]
[lh3.ggpht.com/-44zyD57Tdxc/T0Ds5maU8JI/AAAAAAAAOrc/yO0j0xE1G5A/croatia_posts-5384a.jpg]
[lh5.ggpht.com/-A5X4ZhNVO1Q/T0D7_nf-_kI/AAAAAAAAOro/kFiWN6eSa10/croatia_posts-6384a.jpg]
[lh6.ggpht.com/-5P1fmcujpNQ/T0D8WVA8uEI/AAAAAAAAOr4/ZXSG4clkdCw/croatia_posts-10384a.jpg]
[lh3.ggpht.com/-PrBbShf5okM/T0D-4oj0ykI/AAAAAAAAOtc/PPMZvxqGm_c/croatia_posts-35981f.jpg]
[lh6.ggpht.com/-Y3kNcTlmJgc/T2CLn-ySfHI/AAAAAAAAO90/uXxFOqzC3wE/croatia_posts-192981f.jpg]
[lh4.ggpht.com/-8pojQuyyBXE/TxmluCgyUQI/AAAAAAAAMrs/qz0D6SA5DXg/london-215981f.jpg]
[lh6.ggpht.com/-JK_syGItstg/Tp2vYhg6t1I/AAAAAAAAJcs/Y6jnHZlp8Zw/madrid_post_pic-2981f.jpg]
[www.theroadunleashed.com/posts/pet_friendly_istria_parks_apartment/comments/commentJS]
[www.theroadunleashed.com/posts/pet_friendly_istria_parks_apartment/comments/endpointJS]
[www.theroadunleashed.com/posts/pet_friendly_istria_parks_apartment.html]
[www.theroadunleashed.com/posts/pet_friendly_switzerland/favicon.png]
[lh3.ggpht.com/-uhcZoAboge8/T0DrPhXkRAI/AAAAAAAAOp0/jZFCrwlLunc/switzerland_post-30384a.jpg]
[lh6.ggpht.com/-mChoEoCq7pc/T0DqQMIF4QI/AAAAAAAAOoo/8Lwfbcx-CZE/switzerland_post-11384a.jpg]
[lh4.ggpht.com/-_uEpTzHJB2A/T0DrNzcsYnI/AAAAAAAAOpw/CNgvWCNecPE/switzerland_post-29384a.jpg]
[lh4.ggpht.com/-HrOkAAhVL58/T0DrMuTlTaI/AAAAAAAAOps/zQpYMaQxors/switzerland_post-28384a.jpg]
[lh3.ggpht.com/-8kfnzxpl0Ag/T0Dqw7FbqWI/AAAAAAAAOpM/JHGuIUPYZKQ/switzerland_post-20384a.jpg]
[lh3.ggpht.com/-tsLIXYOscBI/T0DrCHbm-bI/AAAAAAAAOpc/GYArnk9z_ZQ/switzerland_post-24384a.jpg]
[lh3.ggpht.com/-MrZ20N7O2ik/T0DrcxP3RiI/AAAAAAAAOqI/Z4x9h7Fm7r8/switzerland_post-35384a.jpg]
[lh6.ggpht.com/-gwRfeh98ZL4/T0DrRLRB5zI/AAAAAAAAOp4/0GAqwqPOovU/switzerland_post-31384a.jpg]
[lh3.ggpht.com/-dmgdUMK82Bc/T0Dq1HA-g5I/AAAAAAAAOpQ/ofUN1YWxHn0/switzerland_post-21981f.jpg]
[lh6.ggpht.com/-2dkFbpijmBc/TyrPsmzVqoI/AAAAAAAAOg4/pIFLskAFDqg/peak_district-73981f.jpg]
[www.theroadunleashed.com/posts/pet_friendly_switzerland/comments/commentJS]
[www.theroadunleashed.com/posts/pet_friendly_switzerland/comments/endpointJS]
[www.gravatar.com/avatar/3c5da45f2a7f01d27eaa18e98687606c33fc.png]
[www.gravatar.com/avatar/33054d13e2a07f4c724d2532ebb035fc33fc.png]
[www.gravatar.com/avatar/aec6be325c9c23aa35bc0f0bb2b60ccf33fc.jpeg]
[www.theroadunleashed.com/posts/pet_friendly_switzerland.html]
[www.theroadunleashed.com/posts/traveling_london_dogs/favicon.png]
[lh5.ggpht.com/-JVZGeKjbikU/Txmn9KMPI_I/AAAAAAAAMv0/ckz5jrvSnW8/london-248384a.jpg]
[lh6.ggpht.com/-4_xc12Hyvz8/Txmk_kfubHI/AAAAAAAAMqs/URJaiQbm1qU/london-207384a.jpg]
[lh6.ggpht.com/-83jjv1ZYteA/TxmlGivO-tI/AAAAAAAAMq0/E4b79w9ovi8/london-208384a.jpg]
[lh3.ggpht.com/-gVEdLu0CuIE/TxmlwdLsUkI/AAAAAAAAMr0/JSI90_CRiZk/london-216384a.jpg]
[lh5.ggpht.com/-wFYpJZnkYvc/TxmlThWt1wI/AAAAAAAAMrE/BrRnYUvgH6g/london-210384a.jpg]
[lh5.ggpht.com/-fH04YdYeYCg/Txmlmsnx5NI/AAAAAAAAMrc/6v1gPPdTHpQ/london-213384a.jpg]
[lh4.ggpht.com/-YWhnSLw2Dxs/TxmlcYmt2vI/AAAAAAAAMrM/oRFy8P-X9oc/london-211384a.jpg]
[lh4.ggpht.com/-OcjxyLbma2E/TxmwwHT2spI/AAAAAAAANCM/Wv-mFMP67yA/london-395384a.jpg]
[lh5.ggpht.com/-rJeab7wwyHs/TxmwllBtmfI/AAAAAAAANCE/ufQG_kJOIgQ/london-394384a.jpg]
[lh5.ggpht.com/-ZnE7Gc0WTKk/TxmxBDinSoI/AAAAAAAANCk/NLLK4ZQtP9s/london-398384a.jpg]
[lh6.ggpht.com/-a5CPCnHiUTc/Txmw7OqoXMI/AAAAAAAANCc/5V4qG_KgOeU/london-397384a.jpg]
[lh4.ggpht.com/-c39GdhNWReY/TxmxQ7CLA4I/AAAAAAAANC0/amT8yGaJU-U/london-400384a.jpg]
[lh5.ggpht.com/-SGSArEL8I_4/Txmw11PAlZI/AAAAAAAANCU/cnsTY66YRd8/london-396384a.jpg]
[lh4.ggpht.com/-pL0mfkteRt8/TxmxITm1GSI/AAAAAAAANCs/TjOGM8bwOHA/london-399384a.jpg]
[lh6.ggpht.com/-PV93JCPzNLo/TxmjAAcQ-GI/AAAAAAAAMns/IdpA73BSd5w/london-183384a.jpg]
[lh4.ggpht.com/-eLEmHXa6pyc/TxmjE0lbrRI/AAAAAAAAMn0/nQNr8-j9yYI/london-184384a.jpg]
[lh4.ggpht.com/-PBpRoTsBHOk/TxmjS3E_ZgI/AAAAAAAAMoM/mKHJ5C-O-LM/london-187384a.jpg]
[lh3.ggpht.com/-NZJOJmraZyY/TxmjIj2_sCI/AAAAAAAAMn8/Y3ZHwKSYs3Y/london-185384a.jpg]
[lh3.ggpht.com/-Vi---h_3Zf0/TxmjMUX0CNI/AAAAAAAAMoE/HmMHqgVI-QU/london-186384a.jpg]
[lh5.ggpht.com/-p_W93RT14ow/TxmjWBmnzbI/AAAAAAAAMoU/jjmUG_Cf9zw/london-188384a.jpg]
[lh5.ggpht.com/-iDh6QntbjsY/TxmjaypkgxI/AAAAAAAAMoc/9Ba3kXfm5M8/london-189384a.jpg]
[lh6.ggpht.com/-tJWADOqYKp0/Txmmyd3nOaI/AAAAAAAAMt0/xpedOHHWh-I/london-232384a.jpg]
[lh4.ggpht.com/--ksKVhsTaQY/TxmmNQgtBNI/AAAAAAAAMsk/BuuMeHNF284/london-222384a.jpg]
[lh4.ggpht.com/-H33n-XBI_zM/TxmWD_37t7I/AAAAAAAAMRM/fDpctly0CzI/london-3384a.jpg]
[lh3.ggpht.com/-iOF5pO13WIs/TxmV-9tqGnI/AAAAAAAAMRE/IHekl_zf-bk/london-2384a.jpg]
[lh6.ggpht.com/-FGGsw2vMLqc/TxmWGvv6HNI/AAAAAAAAMRU/L3-FaCBoam8/london-4384a.jpg]
[lh5.ggpht.com/-mX8q7HyTZw8/TxmWMGGTaFI/AAAAAAAAMRc/ThmTTQqj9Gs/london-5384a.jpg]
[lh4.ggpht.com/-aLwSMxTx8m0/TxmWQH1iSTI/AAAAAAAAMRk/1VEGeR7vJ0E/london-6384a.jpg]
[lh5.ggpht.com/-jdqLgPDwq04/TxmkaD9bHgI/AAAAAAAAMp8/gwyznuoQJDU/london-201981f.jpg]
[lh3.ggpht.com/-vy3uCmRDHhs/TxmcI7oqK2I/AAAAAAAAMb0/EOS9HMzBSX0/london-88981f.jpg]
[lh3.ggpht.com/-9_pvdIBtshA/TxmqY9qenOI/AAAAAAAAM00/ufqvynhY7RA/london-288981f.jpg]
[lh5.ggpht.com/-eX51-kVzLq4/TxmtIsOJqXI/AAAAAAAAM6E/_rrTRSPlLOY/london-330981f.jpg]
[www.theroadunleashed.com/posts/traveling_london_dogs/comments/commentJS]
[www.theroadunleashed.com/posts/traveling_london_dogs/comments/endpointJS]
[www.gravatar.com/avatar/58ee289dd1c70cd38fb9a42abfdcf87033fc.jpeg]
[www.theroadunleashed.com/posts/traveling_london_dogs.html]
[www.theroadunleashed.com/posts/pet_friendly_peak_district_england/favicon.png]
[lh4.ggpht.com/-0fbM1aQs6Yk/TyrLE9kOSlI/AAAAAAAAOZA/RCI6aIZ0Pyc/peak_district-10384a.jpg]
[lh5.ggpht.com/-FUzu32gmoSA/TyrKuZGNknI/AAAAAAAAOYQ/RFwkunNvrmk/peak_district-5384a.jpg]
[lh4.ggpht.com/-kmnSolNpMu4/TyrKh1dmPrI/AAAAAAAAOX4/UEk-zOwZBCg/peak_district-2384a.jpg]
[lh5.ggpht.com/-rm3mD_qpL9g/TyrKduw00bI/AAAAAAAAOXw/QuVgSVJEXtQ/peak_district-1384a.jpg]
[lh6.ggpht.com/-K7R3z4m6spU/TyrKl6ikhJI/AAAAAAAAOYA/dFNSlOwvZrw/peak_district-3384a.jpg]
[lh3.ggpht.com/-OtdAFXavqmY/TyrKp96hWCI/AAAAAAAAOYI/RcJEZ1jPtHw/peak_district-4384a.jpg]
[lh6.ggpht.com/-bs91wfdw3No/TyrKSihp75I/AAAAAAAAOXo/uD4u8PhEyj8/peak_district-74384a.jpg]
[lh3.ggpht.com/-HkpxvG-Omqw/TyrPj3G50_I/AAAAAAAAOgo/5_4GkzWA9yY/peak_district-71384a.jpg]
[lh5.ggpht.com/-8yeACBQvklA/TyrP5geIM-I/AAAAAAAAOhI/0_f9LpIOFbs/peak_district-76384a.jpg]
[lh3.ggpht.com/-JLINZT4odM4/TyrP1BSw1_I/AAAAAAAAOhA/ooKQmqWqXYY/peak_district-75384a.jpg]
[lh6.ggpht.com/-2dkFbpijmBc/TyrPsmzVqoI/AAAAAAAAOg4/pIFLskAFDqg/peak_district-73384a.jpg]
[lh5.ggpht.com/-zNnhTUr8JpU/TyrLaJl6onI/AAAAAAAAOZY/IXiHsD23KsA/peak_district-13384a.jpg]
[lh6.ggpht.com/-xO2fMVnxEWs/TyrLhOJD3bI/AAAAAAAAOZg/0EnUGRpPmnI/peak_district-14384a.jpg]
[lh6.ggpht.com/-DBRS1MsCZLI/TyrLQyMcnqI/AAAAAAAAOZQ/z4CdvMY7Wm0/peak_district-12384a.jpg]
[lh3.ggpht.com/-m189I-u0U9Y/TyrOUSoTrEI/AAAAAAAAOeQ/eSZ-QsCM6qM/peak_district-52384a.jpg]
[lh6.ggpht.com/-43ijT4JplNI/TyrOnW86x7I/AAAAAAAAOe4/CfLdAQpdxrY/peak_district-57384a.jpg]
[lh6.ggpht.com/-xHZeVvwu9GY/TyrOHFhbhUI/AAAAAAAAOd4/JKRBnX1jwg0/peak_district-49384a.jpg]
[lh6.ggpht.com/-ArFOLqhDyYY/TyrOMeuKYGI/AAAAAAAAOeA/8m14oVPpK1o/peak_district-50384a.jpg]
[lh4.ggpht.com/-FBhK8oPyuHw/TyrOQAehzCI/AAAAAAAAOeI/6eMxgvJpYLc/peak_district-51384a.jpg]
[lh5.ggpht.com/-gHH7MagNDHs/TyrO06dPK7I/AAAAAAAAOfI/iJIdUdurZv0/peak_district-59384a.jpg]
[lh6.ggpht.com/-xdErMYx2RQk/TyrOgrhF8sI/AAAAAAAAOeo/MyXXYXn5Pwg/peak_district-55384a.jpg]
[lh5.ggpht.com/-hks5dhG24I8/TyrOjdSd4FI/AAAAAAAAOew/GB7FnSvbLLw/peak_district-56384a.jpg]
[lh3.ggpht.com/-v1DuF04y_Og/TyrRglU2UQI/AAAAAAAAOj4/3SX91xtlBdE/peak_district-98384a.jpg]
[lh6.ggpht.com/-KyjiCPyp7cc/TyrRjOvbMkI/AAAAAAAAOkA/sye9SghGGco/peak_district-99384a.jpg]
[lh5.ggpht.com/-OyBWU9BQP_c/TyrRmPAq8GI/AAAAAAAAOkI/gBgcz5hXTio/peak_district-100384a.jpg]
[lh3.ggpht.com/-Cp6H-80Yd4Q/TyrRKccTqyI/AAAAAAAAOjY/Yk5OFbUrdi4/peak_district-94384a.jpg]
[lh3.ggpht.com/-9CrI8CMzh-8/TyrRPK4chEI/AAAAAAAAOjg/Gpi-mxBdGNs/peak_district-95384a.jpg]
[lh6.ggpht.com/-v841Nlo4QRk/TyrQGPpnwzI/AAAAAAAAOhg/zhC1Tk-awCg/peak_district-79384a.jpg]
[lh5.ggpht.com/-tzx0jNfXpdg/TyrMgSM90SI/AAAAAAAAObI/wqxKkrxAtCU/peak_district-27981f.jpg]
[lh5.ggpht.com/_637NTEelY8s/SgoHZXbV6XI/AAAAAAAAWpk/m-YyGWbx7Bo/DSCF3044981f.JPG]
[lh5.ggpht.com/_vqAAFYgeDm8/S6I3Wx2foNI/AAAAAAAADYo/ehSBkdtErW8/donegal_post_frontpic981f.jpg]
[lh3.ggpht.com/_vqAAFYgeDm8/SzpU5l4G20I/AAAAAAAACJU/C6U_x2cFT_M/hobbiton_frontpic981f.jpg]
[www.theroadunleashed.com/posts/pet_friendly_peak_district_england/comments/commentJS]
[www.theroadunleashed.com/posts/pet_friendly_peak_district_england/comments/endpointJS]
[www.theroadunleashed.com/posts/pet_friendly_peak_district_england.html]
[www.theroadunleashed.com/posts/pet_friendly_barcelona_parks_vacation_rental/favicon.png]
[lh3.ggpht.com/-t7tGEvH9oCg/Txn1MnAb3EI/AAAAAAAANck/-6tHmoWHwt0/barcelona_post-188384a.jpg]
[lh4.ggpht.com/-_DsvU8UPvQs/Txn1UhqAylI/AAAAAAAANc0/vSTPMkyP1so/barcelona_post-190384a.jpg]
[lh5.ggpht.com/-cPOVcID9Kfc/Txn2EM9745I/AAAAAAAANd8/IwxsdGylcjA/barcelona_post-199384a.jpg]
[lh3.ggpht.com/-66ZFL79S7wQ/Txn2b-um-II/AAAAAAAANek/zOjyOJmak84/barcelona_post-204384a.jpg]
[lh3.ggpht.com/-kxSXmOtCTf4/Txn2lr83qeI/AAAAAAAANe0/7kZyevy__Yw/barcelona_post-206384a.jpg]
[lh6.ggpht.com/-D6NL4CGjB74/Txn1_aeDOWI/AAAAAAAANd0/YxnjF0LkcLI/barcelona_post-198384a.jpg]
[lh4.ggpht.com/-wdRqfKpe4zQ/Txn3-piwfQI/AAAAAAAANg8/j3hG3xKiwG8/barcelona_post-223384a.jpg]
[lh3.ggpht.com/-Dqa0Oqr9q6A/TxnoRLWd_QI/AAAAAAAANFU/CaDVbo5y0h0/barcelona_post-5384a.jpg]
[lh3.ggpht.com/-DYznyFMtj2E/TxnoT-QOK9I/AAAAAAAANFc/_HGle1HPtPw/barcelona_post-6384a.jpg]
[lh6.ggpht.com/-FX_QNsuzRlI/TxnoK2YJjaI/AAAAAAAANFM/rnW7x2kurhI/barcelona_post-4384a.jpg]
[lh3.ggpht.com/-90-X0Umb3SY/TxnohZCUe8I/AAAAAAAANFs/hU_af7PcnU8/barcelona_post-8384a.jpg]
[lh3.ggpht.com/-jPPfXblDjr4/TxnoYMz93vI/AAAAAAAANFk/CV5gDwrGkBQ/barcelona_post-7384a.jpg]
[lh4.ggpht.com/-9ZfUORRZjXU/TxnoFOgGoRI/AAAAAAAANFE/VD-Uxf-fpXE/barcelona_post-3384a.jpg]
[lh4.ggpht.com/-BNFAQY1kCOg/Txnu2A6-X-I/AAAAAAAANTQ/6HWxRRuAPxY/barcelona_post-114384a.jpg]
[lh5.ggpht.com/-sMRY-UdYDmo/TxnvARX2UtI/AAAAAAAANTg/0K0kxnELNL0/barcelona_post-116384a.jpg]
[lh5.ggpht.com/-eq_CPfhmu2M/Txnu70SkwgI/AAAAAAAANTY/31tItHjkZL4/barcelona_post-115384a.jpg]
[lh4.ggpht.com/-wdRqfKpe4zQ/Txn3-piwfQI/AAAAAAAANg8/j3hG3xKiwG8/barcelona_post-223981f.jpg]
[lh6.ggpht.com/-y--t6a-qfIY/TxnqesTyuKI/AAAAAAAANJg/NQeTAsOebMY/barcelona_post-37981f.jpg]
[www.theroadunleashed.com/posts/pet_friendly_barcelona_parks_vacation_rental/comments/commentJS]
[www.theroadunleashed.com/posts/pet_friendly_barcelona_parks_vacation_rental/comments/endpointJS]
[www.gravatar.com/avatar/ed1f3d63f5a677e455acbbe32590f19d33fc.jpeg]
[www.gravatar.com/avatar/cdb22be31469c9b0a1f0468589a834ca33fc.jpeg]
[www.gravatar.com/avatar/f544d6751c5ba9a1ef6ece0e7f247e4c33fc.png]
[www.theroadunleashed.com/posts/pet_friendly_barcelona_parks_vacation_rental.html]
[www.theroadunleashed.com/posts/pet_friendly_madrid_parks/favicon.png]
[lh6.ggpht.com/-JK_syGItstg/Tp2vYhg6t1I/AAAAAAAAJcs/Y6jnHZlp8Zw/madrid_post_pic-2384a.jpg]
[lh3.ggpht.com/-oT1stShmfzA/Tp2xubhQiTI/AAAAAAAAJgA/Aj80Z4-jYzs/madrid_post_pic-75384a.jpg]
[lh4.ggpht.com/-9xZomP_aweg/Tp2xVRhxQ-I/AAAAAAAAJfU/7XI2XONBBuw/madrid_post_pic-64384a.jpg]
[lh6.ggpht.com/-iru5iAnuQAQ/Tp2xdqIOHII/AAAAAAAAJfg/EX3Il8fwpXA/madrid_post_pic-67384a.jpg]
[lh6.ggpht.com/-udUUlGT2DYw/Tp2xX8_ZAKI/AAAAAAAAJfY/cu3dCpeVfk8/madrid_post_pic-65384a.jpg]
[lh3.ggpht.com/-TgVGawfNFrQ/Tp2xahkjYmI/AAAAAAAAJfc/g3ycX_A-Qh4/madrid_post_pic-66384a.jpg]
[lh4.ggpht.com/-Bu8TPPMyV2E/Tp2xhBtmvVI/AAAAAAAAJfk/sSJJ2DOUXDI/madrid_post_pic-68384a.jpg]
[lh4.ggpht.com/-pBbcciWK_LU/Tp2xoTEdcCI/AAAAAAAAJf0/mE1ZjbBsRK0/madrid_post_pic-72384a.jpg]
[lh5.ggpht.com/-tdm87a1FRYE/Tp2xkqkN5xI/AAAAAAAAJfs/Wu_liZhmTEM/madrid_post_pic-70384a.jpg]
[lh5.ggpht.com/-MjKAFKR0rnQ/Tp2xmHLL8pI/AAAAAAAAJfw/mX-U3ombtUE/madrid_post_pic-71384a.jpg]
[lh3.ggpht.com/-s7hPQXG4DoI/Tp2xq1mqEDI/AAAAAAAAJf4/_z9CDJnY-P4/madrid_post_pic-73384a.jpg]
[lh4.ggpht.com/-DlO0PkA-IC0/Tp2vcTXxooI/AAAAAAAAJcw/720XlXFwWyY/madrid_post_pic-3384a.jpg]
[lh6.ggpht.com/-b8bJYljcBUE/Tp2vk4v5YqI/AAAAAAAAJc4/qgBFSB9RdzQ/madrid_post_pic-5384a.jpg]
[lh6.ggpht.com/-ILlvRCABwLY/Tp2voxqZIQI/AAAAAAAAJdA/UiyCf3pH_QU/madrid_post_pic-7384a.jpg]
[lh5.ggpht.com/-d01n6ZyUUOA/Tp2vgDfH3PI/AAAAAAAAJc0/nB85p3icBkY/madrid_post_pic-4384a.jpg]
[lh3.ggpht.com/-2iYTLP9zc-U/Tp2wS9-OR1I/AAAAAAAAJeQ/HfmxAY5Brbs/madrid_post_pic-27384a.jpg]
[lh3.ggpht.com/-bpCIpg24VN4/Tp2wL2ICwFI/AAAAAAAAJeE/Z7SUbvb_ytQ/madrid_post_pic-24384a.jpg]
[lh4.ggpht.com/-vqaBwdL0R3U/Tp2wUia4lFI/AAAAAAAAIsQ/pKFw2KVDD3g/madrid_post_pic-28384a.jpg]
[lh4.ggpht.com/-PGSUuOseM90/Tp2wWXz1eqI/AAAAAAAAIsU/hPdq9SfiCPg/madrid_post_pic-29384a.jpg]
[lh3.ggpht.com/-uFuQtfMgh3c/Tp2wIaOYSlI/AAAAAAAAJeA/d7XpThiyPVg/madrid_post_pic-23384a.jpg]
[lh4.ggpht.com/-hwsjkWIa6BE/Tp2yLpuAYDI/AAAAAAAAJg8/cKfs0RF0kuQ/madrid_post_pic-90384a.jpg]
[lh6.ggpht.com/-0h5b9zgRvUU/Tp2yMou6LhI/AAAAAAAAJhA/tbDHvbXl5Qw/madrid_post_pic-91384a.jpg]
[lh5.ggpht.com/-Me6pTAP65Ok/Tp2yRl6FZYI/AAAAAAAAJhM/huERAXADmfo/madrid_post_pic-94384a.jpg]
[lh3.ggpht.com/-04OYFXw9Hc4/Tp2yPYK8EJI/AAAAAAAAJhI/5IwXTHV8PcQ/madrid_post_pic-93384a.jpg]
[lh6.ggpht.com/-EBmI68hOuks/Tp2yNxcZ3ZI/AAAAAAAAJhE/gV-6iUppW1Q/madrid_post_pic-92384a.jpg]
[lh6.ggpht.com/-YcLZaaK3uP0/Tp2yfNV4AOI/AAAAAAAAJhg/i1rWxLHL2lc/madrid_post_pic-99384a.jpg]
[lh4.ggpht.com/-__rP_A0tP4A/Tp2yh7_3WLI/AAAAAAAAJhk/snWXvS2ltGk/madrid_post_pic-100384a.jpg]
[lh6.ggpht.com/-h3JYACSod9I/Tp2ykOr4TwI/AAAAAAAAJho/yRtoUIhNdGI/madrid_post_pic-101384a.jpg]
[lh6.ggpht.com/-On1uji24EfU/Tp2yWoPuO1I/AAAAAAAAJhU/KTFsgQvGmr0/madrid_post_pic-96384a.jpg]
[lh4.ggpht.com/-FtYEY4rh8cQ/Tp2yY4E3xPI/AAAAAAAAJhY/-E-2e7GJj8k/madrid_post_pic-97384a.jpg]
[lh5.ggpht.com/-mkPwIFOSywQ/Tpl7tyJQ4nI/AAAAAAAAJX8/X4vvT7USvEQ/cotswolds_front_pic-74981f.jpg]
[lh6.ggpht.com/-r-Ya9b8DZug/TkQK6ga389I/AAAAAAAAAPU/IjdnYw0ox6Q/herbert_taylor_park-1981f.jpg]
[lh3.ggpht.com/-roaSruCGLJI/TkaBbEs4H4I/AAAAAAAAARc/PL2Wj4B4FqM/savannah_with_dogs-7981f.jpg]
[www.theroadunleashed.com/posts/pet_friendly_madrid_parks/comments/commentJS]
[www.theroadunleashed.com/posts/pet_friendly_madrid_parks/comments/endpointJS]
[www.gravatar.com/avatar/5a853f64d7d07fd637c7192f5ef478bc33fc.png]
[www.gravatar.com/avatar/ca5188bc1aa506a716220300a650953f33fc.jpeg]
[www.gravatar.com/avatar/5e97fd88ad8f7ca85283fdd9890af6e533fc.jpeg]
[www.theroadunleashed.com/posts/pet_friendly_madrid_parks.html]
[www.theroadunleashed.com/posts/the_unvarnished_truth_on_travel_with_pets/favicon.png]
[lh6.ggpht.com/-wsP75YeH5t8/TwSXax-GYcI/AAAAAAAAL8c/L-ECJsfaXWQ/tuscany-222384a.jpg]
[lh4.ggpht.com/-q7y2YS97oAQ/Tp3akfCtrqI/AAAAAAAAJoc/J8SKx5DVPnY/cornwall_post-10384a.jpg]
[lh3.ggpht.com/-w8xlgTe5Js4/TwSXWjakYRI/AAAAAAAAL8M/ClxRIBBwX6c/tuscany-218384a.jpg]
[lh6.ggpht.com/-QC5ah_kYi4E/Tmp6gBJrr4I/AAAAAAAAIWg/OsVKuxlOs4M/bilbao_1-1384a.jpg]
[lh6.ggpht.com/-aA-tLCRqOPk/TyrP8M7TeNI/AAAAAAAAOhQ/kZ-Al5FP1-A/peak_district-77384a.jpg]
[lh3.ggpht.com/-taNc1nePkSY/Tpl7HBlxvCI/AAAAAAAAJXY/o3d9P9P7AIk/cotswolds_post-68384a.jpg]
[lh6.ggpht.com/-vY0XLT591NE/Tpl7plQS84I/AAAAAAAAJX4/2jiBP9Rydp0/cotswolds_post-73384a.jpg]
[lh4.ggpht.com/-5l0U81kTm_I/Tp3a8QfBQFI/AAAAAAAAJo8/JmMh_ugMDO4/cornwall_post-18384a.jpg]
[lh6.ggpht.com/-cbDXTheaoAM/TplyYiUiwwI/AAAAAAAAJTE/53ItSbroL24/cotswolds_post-29384a.jpg]
[lh5.ggpht.com/-O6seLzi77Is/Tp2xi8dQmyI/AAAAAAAAJfo/3DlLewOPb88/madrid_post_pic-69384a.jpg]
[lh3.ggpht.com/-REDH2jXwd00/TxmmJ-ku70I/AAAAAAAAMsc/SPZ-be722ME/london-221384a.jpg]
[lh3.ggpht.com/_AiMw6GRvQuE/TbihdpOAcxI/AAAAAAAAAKo/flX7P31SXVY/Hilton_head_beaches-17981f.jpg]
[www.theroadunleashed.com/posts/the_unvarnished_truth_on_travel_with_pets/comments/commentJS]
[www.theroadunleashed.com/posts/the_unvarnished_truth_on_travel_with_pets/comments/endpointJS]
[www.theroadunleashed.com/posts/the_unvarnished_truth_on_travel_with_pets.html]
[www.theroadunleashed.com/posts/pet_friendly_brittany_ferries_cap_finistere/favicon.png]
[lh3.ggpht.com/-u24hJHAQ4NY/TqFimdHY2VI/AAAAAAAAJO4/-Ei8gIbC0-U/brittany_ferries_post-20384a.jpg]
[lh6.ggpht.com/-nQqJGl7KaCE/TqFifdw79SI/AAAAAAAAJOw/3XzBu9OLi6U/brittany_ferries_post-18384a.jpg]
[lh4.ggpht.com/-LmaCvOfpJyw/TqFhxRutlrI/AAAAAAAAJN0/8qRSdQgkxt8/brittany_ferries_post-3384a.jpg]
[lh3.ggpht.com/-fGoZOdMhorg/TqFhzJAtmMI/AAAAAAAAJN4/56eK-bLTiUk/brittany_ferries_post-4384a.jpg]
[lh4.ggpht.com/--XDm6FnJhaY/TqFhu6ATtOI/AAAAAAAAJNw/Sczu9fJPtXk/brittany_ferries_post-2384a.jpg]
[lh3.ggpht.com/-7q-6rQXA9po/TqFioeDMgWI/AAAAAAAAJO8/eGwHBcZtcEo/brittany_ferries_post-21384a.jpg]
[lh6.ggpht.com/-vjIvXGBvBME/TqFiq5kNnkI/AAAAAAAAJPA/2Wdb7AQb6to/brittany_ferries_post-22384a.jpg]
[lh5.ggpht.com/-Fr_lf9glBvo/TqFh9dMimFI/AAAAAAAAJOE/4vgtE8A-0eI/brittany_ferries_post-7384a.jpg]
[lh3.ggpht.com/-LFP6ybXL7qM/TqFiTE0lugI/AAAAAAAAJOc/LrUBsI25yTc/brittany_ferries_post-13384a.jpg]
[lh5.ggpht.com/-pMG_baIILB0/TqFiPs1lP8I/AAAAAAAAJOY/pTwyuY1J63Y/brittany_ferries_post-12384a.jpg]
[lh4.ggpht.com/--FOnRrrrzuw/TqFiZM9uQvI/AAAAAAAAJOk/U5yTsv4XuCA/brittany_ferries_post-15384a.jpg]
[lh3.ggpht.com/-X6CuhKalrKM/TqFib0NWDMI/AAAAAAAAJOo/0LWFKUzyonU/brittany_ferries_post-16384a.jpg]
[lh6.ggpht.com/-mjNbKDeTh2M/TqFieFQoXoI/AAAAAAAAJOs/1NTiPEWSThs/brittany_ferries_post-17384a.jpg]
[lh6.ggpht.com/-CG6faZLhzt8/TqFiMnMCDBI/AAAAAAAAJOU/1aCsKMhzGoE/brittany_ferries_post-11384a.jpg]
[lh5.ggpht.com/-XFSFk1xBNhk/TqFiWbvKckI/AAAAAAAAJOg/odAJI7Vw_Iw/brittany_ferries_post-14384a.jpg]
[lh5.ggpht.com/-IoHCXwN5SBA/TqFiiTlKNBI/AAAAAAAAJO0/lg1v8ZKfnH8/brittany_ferries_post-19384a.jpg]
[lh6.ggpht.com/-YzvEufdjoE4/Tmp6h0aEg0I/AAAAAAAAIWk/IzjRebSCR1k/bilbao_front-1981f.jpg]
[www.theroadunleashed.com/posts/pet_friendly_brittany_ferries_cap_finistere/comments/commentJS]
[www.theroadunleashed.com/posts/pet_friendly_brittany_ferries_cap_finistere/comments/endpointJS]
[www.theroadunleashed.com/posts/pet_friendly_brittany_ferries_cap_finistere.html]
[www.theroadunleashed.com/posts/pet_friendly_cornwall_gardens_moors/favicon.png]
[lh5.ggpht.com/-ZqpfDCtotuQ/Tp3aUvwdI8I/AAAAAAAAI5M/69bzDfRVpOk/cornwall_post-5384a.jpg]
[lh4.ggpht.com/-6zJnPWcztgs/Tp3aR8wrzWI/AAAAAAAAI5I/ZsX4DfqVwbQ/cornwall_post-4384a.jpg]
[lh3.ggpht.com/-y9mpN4zuA-w/Tp3ad7uqj_I/AAAAAAAAI5Y/kfPSpUdvxyw/cornwall_post-8384a.jpg]
[lh5.ggpht.com/-j35vSKNdFkA/Tp3aaw-8x_I/AAAAAAAAI5U/y06JekpFNhY/cornwall_post-7384a.jpg]
[lh3.ggpht.com/-u2uTaW9scj8/Tp3aP_zeitI/AAAAAAAAI5E/PD4-N3A35kY/cornwall_post-3384a.jpg]
[lh5.ggpht.com/-hvs7zbCxUWo/Tp3aLsLhKUI/AAAAAAAAI48/Bs79mAlbHZU/cornwall_post-1384a.jpg]
[lh5.ggpht.com/-8EIxnIi4n-c/Tp3cZbYGD1I/AAAAAAAAJrc/rNfXOch1uV8/cornwall_post-58384a.jpg]
[lh4.ggpht.com/-sfp1oDSC80Q/Tp3anHfuyvI/AAAAAAAAJog/qcCG4ys3slg/cornwall_post-11384a.jpg]
[lh4.ggpht.com/-aFRotTYHaUE/Tp3aypw8C6I/AAAAAAAAJow/u9M-ksrp36A/cornwall_post-15384a.jpg]
[lh3.ggpht.com/-tVwoG8zuHLg/Tp3a1KDBelI/AAAAAAAAJo0/BwO1ahWW0d0/cornwall_post-16384a.jpg]
[lh6.ggpht.com/-WO-SvYOjBzg/Tp3a-fQHTRI/AAAAAAAAJpA/myiN-vJUr9Y/cornwall_post-19384a.jpg]
[lh3.ggpht.com/-s4Xn8JTf3CA/Tp3ap-uuDnI/AAAAAAAAJok/X2IbrK6AvRA/cornwall_post-12384a.jpg]
[lh4.ggpht.com/-h3mEt5QGcy4/Tp3bE0P_tSI/AAAAAAAAJpI/tO3OYkgrtV4/cornwall_post-21384a.jpg]
[lh6.ggpht.com/-PyHm1P4Xf4k/Tp3ceZRTvbI/AAAAAAAAJrk/VZErCIKjXLc/cornwall_post-60384a.jpg]
[lh3.ggpht.com/-Nrv1ab_ENEE/Tp3cn-E6-gI/AAAAAAAAJrs/HKaQMtwCU6M/cornwall_post-62384a.jpg]
[lh3.ggpht.com/-EveAS36_3mw/Tp3ePHrNkdI/AAAAAAAAJuo/JyhofQjkTqM/cornwall_post-110384a.jpg]
[lh3.ggpht.com/-minjl85ruPo/Tp3baIIdYCI/AAAAAAAAJpw/sUQ388xpkKI/cornwall_post-31384a.jpg]
[lh5.ggpht.com/-2GpMYpUhmjQ/Tp3eD9sc1qI/AAAAAAAAJuU/8lr33z01LOQ/cornwall_post-105384a.jpg]
[lh3.ggpht.com/-HrWuW1lGvZI/Tp3d-5zOgQI/AAAAAAAAJuI/vmitdsgSiDc/cornwall_post-102384a.jpg]
[lh5.ggpht.com/-FtQNuKxL4g8/TxyRIOck2YI/AAAAAAAAOVI/NjBmtjHTmP8/england_cornwall-1384a.jpg]
[lh3.ggpht.com/-gF_T2yqeOhk/Tp3eAdbASsI/AAAAAAAAJuM/krmqH-R6cRw/cornwall_post-103384a.jpg]
[lh4.ggpht.com/-DshcqF65CvI/Tp3d9PAaM7I/AAAAAAAAJuE/pW1S1BNiAwo/cornwall_post-101384a.jpg]
[lh4.ggpht.com/-vNw9zCV8FeU/Tp3Xc4cDnHI/AAAAAAAAJms/BIvAOCDRiwg/cornwall_front-87981f.jpg]
[lh6.ggpht.com/-oJm322Xbhyg/Tp27j_aFpUI/AAAAAAAAJmA/EHNJATWPKkg/cornwall_front-74981f.jpg]
[lh3.ggpht.com/-RMfUPXzfHaY/TplyJOBh71I/AAAAAAAAJS4/U--aBTEwICI/cotswolds_front_pic-28981f.jpg]
[www.theroadunleashed.com/posts/pet_friendly_cornwall_gardens_moors/comments/commentJS]
[www.theroadunleashed.com/posts/pet_friendly_cornwall_gardens_moors/comments/endpointJS]
[www.theroadunleashed.com/posts/pet_friendly_cornwall_gardens_moors.html]
[www.theroadunleashed.com/posts/cotswolds_pets_walks/favicon.png]
[lh5.ggpht.com/-HSRvIp9TNE0/Tplv2QhmqDI/AAAAAAAAJRM/R3TlUYgHK88/cotswolds_post-12384a.jpg]
[lh3.ggpht.com/-JSm4z5ZfloA/TplweuCn4CI/AAAAAAAAJR0/aMzOLZRzMHY/cotswolds_post-17384a.jpg]
[lh5.ggpht.com/-wIbncLgTi3Y/TplwmmVpJeI/AAAAAAAAJR8/_q6jUtKrd8M/cotswolds_post-18384a.jpg]
[lh3.ggpht.com/-9eRg4LzL0wU/TplyjjZX49I/AAAAAAAAJTM/3_kkINlMUc4/cotswolds_post-30384a.jpg]
[lh4.ggpht.com/-sV1Mguwulkg/TplyvNcyvxI/AAAAAAAAJTU/EqNrnFMfXDI/cotswolds_post-31384a.jpg]
[lh5.ggpht.com/-As6MdUGRLJk/TplyEV72exI/AAAAAAAAJS0/Ayqsz_Sm3Fs/cotswolds_post-27384a.jpg]
[lh6.ggpht.com/-3vfPyiMdXF8/TplxcVR7PhI/AAAAAAAAJSg/ckdHvz3QvU0/cotswolds_post-24384a.jpg]
[lh6.ggpht.com/-vUyKneA-C58/TplxSLtQZKI/AAAAAAAAJSc/z_g5Tx5iaxU/cotswolds_post-23384a.jpg]
[lh3.ggpht.com/-ec-umA_jnwI/TplyOPht7hI/AAAAAAAAJS8/M8sf4jRGsLs/cotswolds_post-28384a.jpg]
[lh4.ggpht.com/-LSjk10fSU5E/Tpl8Ym7EG7I/AAAAAAAAJYU/NHsD89k1TTk/cotswolds_post-78384a.jpg]
[lh4.ggpht.com/-92isnnD5ViA/Tpl7yyobm_I/AAAAAAAAJYA/7NT0CWA_6eY/cotswolds_post-74384a.jpg]
[lh3.ggpht.com/-7OoYhRnkfSU/TplvVOxxIsI/AAAAAAAAJQw/4S0OQ_7cFKQ/cotswolds_front_pic-9981f.jpg]
[lh5.ggpht.com/-krVKRyVWEbw/TplvxkG1rtI/AAAAAAAAJRI/tm1rKxImyGQ/cotswolds_front_pic-12981f.jpg]
[www.theroadunleashed.com/posts/cotswolds_pets_walks/comments/commentJS]
[www.theroadunleashed.com/posts/cotswolds_pets_walks/comments/endpointJS]
[www.theroadunleashed.com/posts/cotswolds_pets_walks.html]
[www.theroadunleashed.com/posts/Mr_Chewy_Giveaway/favicon.png]
[www.theroadunleashed.com/posts/Mr_Chewy_Giveaway.html]
[www.theroadunleashed.com/posts/cotswolds_wildlife_park_pets/favicon.png]
[lh3.ggpht.com/-5zgXUAtBg5I/Tpl6do_rT4I/AAAAAAAAJW8/wVA1nTgvv1Y/cotswolds_post-62384a.jpg]
[lh3.ggpht.com/-ojr7k_PoYQs/Tpl666zup8I/AAAAAAAAJXQ/k1P3aiNuAFg/cotswolds_post-66384a.jpg]
[lh3.ggpht.com/-brwG_fDHPFU/Tpl7A5IyusI/AAAAAAAAJXU/xW9Vri5v1i0/cotswolds_post-67384a.jpg]
[lh6.ggpht.com/-IzU__8VeNxw/Tpl61kCK29I/AAAAAAAAJXM/TD_764PMHlM/cotswolds_post-65384a.jpg]
[lh3.ggpht.com/-8SRzZb0Jy7w/Tpl7e-KaoXI/AAAAAAAAJXw/12KsNdJk49M/cotswolds_post-71384a.jpg]
[lh3.ggpht.com/-tk9EsGBZ0PY/Tpl7lO_BSnI/AAAAAAAAJX0/bUpxGmShGeM/cotswolds_post-72384a.jpg]
[lh5.ggpht.com/-lwgSuDHhkPQ/Tpl77i8RtKI/AAAAAAAAJYE/lTRl_stGlMA/cotswolds_post-75384a.jpg]
[lh6.ggpht.com/-h_cdvez1i1M/Tpl8Eh02F_I/AAAAAAAAJYI/1vMXvYfIr1U/cotswolds_post-76384a.jpg]
[lh4.ggpht.com/-Yg_dz7sBdjc/Tpl8Pxq3eSI/AAAAAAAAJYQ/2NWaCcaP6_c/cotswolds_post-77384a.jpg]
[lh4.ggpht.com/-7NkMCihtwHY/TgtXFyCFSCI/AAAAAAAAAOI/lVhNHXgfDxs/hhrestaurants-19981f.jpg]
[www.theroadunleashed.com/posts/cotswolds_wildlife_park_pets/comments/commentJS]
[www.theroadunleashed.com/posts/cotswolds_wildlife_park_pets/comments/endpointJS]
[www.gravatar.com/avatar/73f18e4785704d85dded53028e120bbe33fc.jpeg]
[www.gravatar.com/avatar/f3e11eee285b91ce7c7d668dfa1ed9bd33fc.jpeg]
[www.gravatar.com/avatar/af16856bef2cbf38d5d51941349519e733fc.jpeg]
[www.gravatar.com/avatar/759ffeef9af573afca0be296155e3bc633fc.jpeg]
[www.gravatar.com/avatar/779b049dbbd6d812e283aa472b413c1f33fc.jpeg]
[www.gravatar.com/avatar/ae2e1d3a578df47c2b07aef0df2f11ae33fc.jpeg]
[www.gravatar.com/avatar/47dd431fb5a03ba55cf256c853018cc533fc.jpeg]
[www.gravatar.com/avatar/bdb4725e710b01781186b3c9424931a533fc.jpeg]
[www.gravatar.com/avatar/3879d182046bd7c93bb688ad369f76aa33fc.jpeg]
[www.gravatar.com/avatar/c6533b0debde43dc11fa6df050cef84733fc.jpeg]
[www.gravatar.com/avatar/d7cdf6115032c764b13a420f9af04f2f33fc.jpeg]
[www.gravatar.com/avatar/e14c0d61df923022250a1f2ea7d6b7b133fc.jpeg]
[www.gravatar.com/avatar/496cb007057ccdad3c6df060d5a5c15633fc.jpeg]
[www.gravatar.com/avatar/8823cf0f62bfcddc39848760de5ac37533fc.jpeg]
[www.gravatar.com/avatar/da59621b799a883b320fb6514ab8fd7e33fc.jpeg]
[www.gravatar.com/avatar/aaea1a208e474d7e81027e575d518c9733fc.png]
[www.gravatar.com/avatar/59af990652422fc843855a65aa99eb1033fc.jpeg]
[www.gravatar.com/avatar/b63089318ed9dabee89f3d3054bc9f6c33fc.jpeg]
[www.gravatar.com/avatar/da76ccd4d1415651cb4655879fc72b1c33fc.png]
[www.gravatar.com/avatar/d0de3194bea64cace3250fb055c4ff1033fc.jpeg]
[www.gravatar.com/avatar/096afcedc7d1b470c12a3081eca8ca7933fc.png]
[www.gravatar.com/avatar/56be1e436bba1cb87be0e9e2fa6d0faf33fc.jpeg]
[www.gravatar.com/avatar/930259507b649e6c36cb65dbf2bd333533fc.jpeg]
[www.gravatar.com/avatar/89b38e77585e11d53d6ad0a4e0bc5f4433fc.png]
[www.gravatar.com/avatar/76094109fc0d7f4551b449d02794dd9333fc.png]
[www.gravatar.com/avatar/231fd1ee8d14e48555f598747c3a3b9c33fc.png]
[www.gravatar.com/avatar/144367f601a8d76c3e356b2b8627a57433fc.jpeg]
[www.gravatar.com/avatar/7704acf262c65f095634753c389d4b3a33fc.jpeg]
[www.gravatar.com/avatar/79f4a65073b59adb4708bff4e82520ea33fc.jpeg]
[www.gravatar.com/avatar/723178884dacf83a4f95034026495f2033fc.png]
[www.gravatar.com/avatar/98b2e250e1e19944a1023181c349783e33fc.png]
[www.theroadunleashed.com/posts/cotswolds_wildlife_park_pets.html]
[www.theroadunleashed.com/posts/qm2_kennels_disembarkation/favicon.png]
[lh3.ggpht.com/-gvuqxd7FwyA/TmaJmKgw62I/AAAAAAAAAmo/SDh-2nFo6WQ/qm2-173384a.jpg]
[lh3.ggpht.com/-9eFlN8HxwSM/TmaJrwh9f7I/AAAAAAAAAm4/LTTE7PpGdcQ/qm2-177384a.jpg]
[lh5.ggpht.com/-CFICkdDcKBc/TmaJs9r_56I/AAAAAAAAAm8/OSnVznLldp4/qm2-178384a.jpg]
[lh6.ggpht.com/-gEiKw-REJwo/TmaJuczSwmI/AAAAAAAAAnA/A8lTPrpbmRU/qm2-179384a.jpg]
[lh4.ggpht.com/-g8Z1e_sSfHA/Tr6iFCRVztI/AAAAAAAAApM/ACrKlODpaFM/new_forest-8384a.jpg]
[lh3.ggpht.com/-OP9LFUxVatA/Tr6iQf_LLaI/AAAAAAAAApc/OkUVTKqzKLM/new_forest-12384a.jpg]
[lh6.ggpht.com/-DG-5JiCLFqw/Tr6h9PRXSGI/AAAAAAAAApA/z8TA1FwRQFs/new_forest-5384a.jpg]
[lh4.ggpht.com/-aq5ZVYvTP-8/Tr6iJ9su-bI/AAAAAAAAApU/H8n7wc8mrHs/new_forest-10384a.jpg]
[www.theroadunleashed.com/posts/qm2_kennels_disembarkation/comments/commentJS]
[www.theroadunleashed.com/posts/qm2_kennels_disembarkation/comments/endpointJS]
[www.gravatar.com/avatar/68b588aa1e2689748568b19ad025c0a733fc.jpeg]
[www.theroadunleashed.com/posts/qm2_kennels_disembarkation.html]
[www.theroadunleashed.com/posts/qm2_kennels_faq/favicon.png]
[lh3.ggpht.com/-a1XnR4jleZ4/TmaGOFVwHaI/AAAAAAAAAdg/T5Aensfrxd8/qm2-27384a.jpg]
[lh3.ggpht.com/-mn08sA-MY5s/TmaH_LckKII/AAAAAAAAAhY/E9JEG-q5SUA/qm2-89384a.jpg]
[lh5.ggpht.com/-nH7Xf1sFH-8/TmaG4jMIEPI/AAAAAAAAAeo/jaRu6aY-rr0/qm2-45384a.jpg]
[lh4.ggpht.com/--OJrN03Jq4M/TmaID0DOaNI/AAAAAAAAAhk/BCO3Pqck9xA/qm2-92384a.jpg]
[lh3.ggpht.com/-KFfFiI8-Y2s/TmaJdYnvR2I/AAAAAAAAAmM/b4wxTWk9usw/qm2-166384a.jpg]
[lh3.ggpht.com/-tifIQFEOexk/TmaJaDdwfII/AAAAAAAAAmE/kkb9hvRf_tI/qm2-164384a.jpg]
[lh4.ggpht.com/-guDTxx4bd_U/TmaJWYKo84I/AAAAAAAAAl4/79WenVYieS0/qm2-161384a.jpg]
[lh5.ggpht.com/-25f2YutF29I/TmaJbN9yaCI/AAAAAAAAAmI/ZozqAoyHoq4/qm2-165384a.jpg]
[lh3.ggpht.com/-DDbCjK6o0dg/TmaJiCTw4lI/AAAAAAAAAmc/5YEk8dL69uU/qm2-170384a.jpg]
[lh3.ggpht.com/-WfGJawirrsM/TmaJNFRkl5I/AAAAAAAAAlU/ozCY2jJCWVQ/qm2-152384a.jpg]
[lh3.ggpht.com/-UCduhyBc_6w/TmaJemyi4jI/AAAAAAAAAmQ/gFPYIQYiPNg/qm2-167384a.jpg]
[lh3.ggpht.com/-K8_r3KPtjjk/TmaIFuS6WxI/AAAAAAAAAho/wbxqGZd_Dj0/qm2-93384a.jpg]
[lh6.ggpht.com/-kx4-f9WVHL8/TmaHuXdOdpI/AAAAAAAAAgs/kDYN5rSQg5k/qm2-78384a.jpg]
[lh5.ggpht.com/-8cjX9Mph-wQ/TmaJKjP4h9I/AAAAAAAAAlM/lq_qsuuLCVo/qm2-150384a.jpg]
[lh6.ggpht.com/-n7550ICCMXE/TmaHxVn-LxI/AAAAAAAAAg0/GbibxLOPywY/qm2-80384a.jpg]
[lh6.ggpht.com/-zmGi8ddAm7w/TmaHkfC6ZEI/AAAAAAAAAgQ/-3US6Gt2zTY/qm2-71384a.jpg]
[lh4.ggpht.com/-ZsHH1mPi6RQ/TmaH0KZhiHI/AAAAAAAAAg8/GEC3a63JRLI/qm2-82384a.jpg]
[lh6.ggpht.com/-5lkptyuDgLo/TmaH30isoXI/AAAAAAAAAhE/YRtJDbLprcg/qm2-84384a.jpg]
[lh3.ggpht.com/-uwpJ94wtrCU/TmaHwfvbyQI/AAAAAAAAAgw/d6p_rM1JE2Y/qm2-79384a.jpg]
[lh5.ggpht.com/-ey8j2oowATE/TmaHplxkHKI/AAAAAAAAAgg/zIFSK8KrH8c/qm2-75384a.jpg]
[lh3.ggpht.com/-kXpANYdI0FM/TmaHrZG7NEI/AAAAAAAAAgk/lpw_rmEKAE0/qm2-76384a.jpg]
[lh4.ggpht.com/-qENYpVO12yA/TmaJXuY3ayI/AAAAAAAAAl8/zzY8WLMM9XE/qm2-162384a.jpg]
[lh5.ggpht.com/-qt7iFEUgoAA/TmaJY38PctI/AAAAAAAAAmA/xb1x8eAKFWs/qm2-163384a.jpg]
[lh6.ggpht.com/-NWDmE2_RwN4/TmaH8RC23zI/AAAAAAAAAhQ/g-LnilcDhGw/qm2-87384a.jpg]
[lh5.ggpht.com/-_KVfUGaG3wo/TmaHcExqgwI/AAAAAAAAAf4/6eGwFX1jjk4/qm2-65384a.jpg]
[lh5.ggpht.com/-5ZCAOHF3pSk/TmaITpak_BI/AAAAAAAAAiY/lCTdRXIj8so/qm2-105384a.jpg]
[lh6.ggpht.com/-n6jGuAaPE3I/TmaIRaKm_lI/AAAAAAAAAiQ/ku97EAim2fs/qm2-103384a.jpg]
[lh6.ggpht.com/-tnxitGQM8ME/TmaIWXMWHnI/AAAAAAAAAig/XxGOng-FbyA/qm2-107384a.jpg]
[lh4.ggpht.com/-cV3-oglGqvY/TmaIUqSDqJI/AAAAAAAAAic/iFf8MBMXGxc/qm2-106384a.jpg]
[lh5.ggpht.com/-aPe67Fi_efU/TmaIXPA-2SI/AAAAAAAAAik/-lmGKe4fd4w/qm2-108384a.jpg]
[lh5.ggpht.com/-26TdnnzE3Ls/TmaISRldA6I/AAAAAAAAAiU/XJavkNdvb20/qm2-104384a.jpg]
[lh6.ggpht.com/-8rI63eMnmOI/TmaIZllttNI/AAAAAAAAAis/Gj38rNrigSI/qm2-110384a.jpg]
[lh6.ggpht.com/-WlUc0o1J_HE/TmaHmmylX7I/AAAAAAAAAgY/NUYx8YEZ35k/qm2-73384a.jpg]
[lh4.ggpht.com/-1wPMyjuDwRw/To3gYrF4iMI/AAAAAAAAIbU/s4vlW5W2nek/qm2_front-1-3981f.jpg]
[www.theroadunleashed.com/posts/qm2_kennels_faq/comments/commentJS]
[www.theroadunleashed.com/posts/qm2_kennels_faq/comments/endpointJS]
[www.gravatar.com/avatar/4e966c1200addf4de7682ff1686b906933fc.jpeg]
[www.gravatar.com/avatar/ff5c9d932234c7b1433d7fccf8b1075e33fc.png]
[www.gravatar.com/avatar/b260fd18b43b7d66aa2653d100c4ca3c33fc.jpeg]
[www.gravatar.com/avatar/09e89796498b5663614d3c1466b598b633fc.jpeg]
[www.gravatar.com/avatar/b4b206c42f3af4a482f6b34456d8bd9e33fc.jpeg]
[www.gravatar.com/avatar/5f58160128d603861aac3587030a244433fc.jpeg]
[www.theroadunleashed.com/posts/qm2_kennels_faq.html]
[www.theroadunleashed.com/posts/how_to_take_your_dogs_to_europe_paperwork/favicon.png]
[www.theroadunleashed.com/posts/how_to_take_your_dogs_to_europe_paperwork.html]
[www.theroadunleashed.com/posts/Paperwork_to_Take_Dogs_to_Europe/favicon.png]
[lh5.ggpht.com/-srt17RsADS0/TmaFLEDiHTI/AAAAAAAAAcA/Xc1lMzyvfPM/qm2-3384a.jpg]
[www.theroadunleashed.com/posts/Paperwork_to_Take_Dogs_to_Europe/comments/commentJS]
[www.theroadunleashed.com/posts/Paperwork_to_Take_Dogs_to_Europe/comments/endpointJS]
[www.theroadunleashed.com/posts/Paperwork_to_Take_Dogs_to_Europe.html]
[www.theroadunleashed.com/posts/pet_friendly_sheraton_brooklyn/favicon.png]
[lh5.ggpht.com/-H4CYWPuCv7o/TqFr5IDLuDI/AAAAAAAAAnw/iZQjKEGAJlg/brooklyn_hotel-2384a.jpg]
[lh5.ggpht.com/-M4ihXBva3Rc/TqFr8xlwuwI/AAAAAAAAAn0/d3Gu4L3NUzs/brooklyn_hotel-3384a.jpg]
[lh4.ggpht.com/-Bj7k_Gitfms/TqFr01Jn3RI/AAAAAAAAAns/CoZvQKJMNwg/brooklyn_hotel-1384a.jpg]
[lh6.ggpht.com/-1iNWZrVNdhw/TqFr_sGCBkI/AAAAAAAAAn4/myrwJJ5gJt0/brooklyn_hotel-4384a.jpg]
[lh5.ggpht.com/-QtuYeANQnWI/TqFsZUd6IgI/AAAAAAAAAoY/qqw8HOfjLJE/brooklyn_hotel-11384a.jpg]
[lh5.ggpht.com/-8lfgOMbH9Ek/TqFsP2iUBQI/AAAAAAAAAoM/o-r1m3eF6ys/brooklyn_hotel-9384a.jpg]
[lh4.ggpht.com/-OgoEkW21a4o/TqFsVlRoVrI/AAAAAAAAAoU/EkWV3gmKoMY/brooklyn_hotel-10384a.jpg]
[lh6.ggpht.com/-wE7wN4s42mg/TqFsFfk_IBI/AAAAAAAAAoA/qiD_xiBI3oI/brooklyn_hotel-6384a.jpg]
[lh3.ggpht.com/-9wkjC-iAnQg/TqFsIv5rpBI/AAAAAAAAAoE/5EQSdfVCLK4/brooklyn_hotel-7384a.jpg]
[lh6.ggpht.com/-k0c9HysaGjw/TqFsMEAkc-I/AAAAAAAAAoI/hrCTkCBr88A/brooklyn_hotel-8384a.jpg]
[www.theroadunleashed.com/posts/pet_friendly_sheraton_brooklyn/comments/commentJS]
[www.theroadunleashed.com/posts/pet_friendly_sheraton_brooklyn/comments/endpointJS]
[www.gravatar.com/avatar/3a3c035b7ab284a613d015a313a444e533fc.jpeg]
[www.gravatar.com/avatar/931da21bee6d672c9da7e79bdd7f9d6533fc.jpeg]
[www.theroadunleashed.com/posts/pet_friendly_sheraton_brooklyn.html]
[www.theroadunleashed.com/posts/why_travel_with_dogs/favicon.png]
[lh5.ggpht.com/_AiMw6GRvQuE/TaIrOCGeikI/AAAAAAAAAHY/XV4V-mUqWMM/hilton_head_dogs-1981f.jpg]
[lh3.ggpht.com/-_T5_hyPZu0I/TnYzFw2p1MI/AAAAAAAAIY8/at0YjURGi5A/two_years_dogs_front-1981f.jpg]
[www.theroadunleashed.com/posts/why_travel_with_dogs.html]
[www.theroadunleashed.com/posts/cemeteries_parks_pet_friendly_savannah/favicon.png]
[lh3.ggpht.com/-roaSruCGLJI/TkaBbEs4H4I/AAAAAAAAARc/PL2Wj4B4FqM/savannah_with_dogs-7384a.jpg]
[lh5.ggpht.com/-4aVNVqHpOSU/TkaBOa5pHQI/AAAAAAAAARA/FDumgNQx0d4/savannah_with_dogs-1384a.jpg]
[lh6.ggpht.com/-5RtV-ApWvHs/TkaBPTxykbI/AAAAAAAAARE/vic5HNS7vrU/savannah_with_dogs-2384a.jpg]
[lh3.ggpht.com/-fgvmmMxcT88/TkaBihY-KFI/AAAAAAAAARw/6xkwVe6CuHY/savannah_with_dogs-11384a.jpg]
[lh5.ggpht.com/-Iultj2VwmlU/TkaB0m5o0iI/AAAAAAAAASY/xoSuZzuu9Eg/savannah_with_dogs-20384a.jpg]
[lh6.ggpht.com/-lNQmucmd1Kg/TkaBVNibUkI/AAAAAAAAARQ/GFkA6gu5uYQ/savannah_with_dogs-4384a.jpg]
[lh3.ggpht.com/-gjm_R5ydnI4/TkaBZUibhPI/AAAAAAAAARY/aMq_19f9o4k/savannah_with_dogs-6384a.jpg]
[lh4.ggpht.com/-ZAqBbVYQlSg/TkaBXA5h2eI/AAAAAAAAARU/YPs6ZJckt3w/savannah_with_dogs-5384a.jpg]
[lh4.ggpht.com/-lXsvdZcfdcE/TkaCYiO3dOI/AAAAAAAAATg/ehQSjsCzcMQ/savannah_with_dogs-37384a.jpg]
[lh5.ggpht.com/-EaHB6KEDnH4/TkaCSJNm9jI/AAAAAAAAATU/L6FcUbMKDgw/savannah_with_dogs-34384a.jpg]
[lh6.ggpht.com/-5BMXxuAA-tE/TkaCUoVREnI/AAAAAAAAATY/hd6RyzXviVA/savannah_with_dogs-35384a.jpg]
[lh4.ggpht.com/-esFJXFvHHr4/TkaCXZhA0nI/AAAAAAAAATc/FLkW6UUk9NY/savannah_with_dogs-36384a.jpg]
[lh6.ggpht.com/-dJk67PNnnvI/TkaCdyJYEiI/AAAAAAAAATs/VBDt_2b2mT0/savannah_with_dogs-39384a.jpg]
[lh6.ggpht.com/-nqSwUDYgq9E/TkaBpZ-2nYI/AAAAAAAAASA/hNm0Ch8oITc/savannah_with_dogs-15384a.jpg]
[lh3.ggpht.com/-k2bp7Ada1wA/TkaBrkP6bRI/AAAAAAAAASE/jMaUIVm05ng/savannah_with_dogs-16384a.jpg]
[lh3.ggpht.com/-9tlkAlMss5k/TkaBuseqw1I/AAAAAAAAASI/AARDv_77kJg/savannah_with_dogs-17384a.jpg]
[lh5.ggpht.com/-9t81RDJBXe8/TkaBnx77ssI/AAAAAAAAAR8/IJztEZRd1aQ/savannah_with_dogs-14384a.jpg]
[lh5.ggpht.com/-1eVZUtHrNBM/TkaBw0PT0_I/AAAAAAAAASQ/cVrkOYnXIU0/savannah_with_dogs-18384a.jpg]
[lh4.ggpht.com/-1lRrt93Cvhk/TkaCMxFGZJI/AAAAAAAAATI/sYBOts2ezes/savannah_with_dogs-32384a.jpg]
[www.theroadunleashed.com/posts/cemeteries_parks_pet_friendly_savannah/comments/commentJS]
[www.theroadunleashed.com/posts/cemeteries_parks_pet_friendly_savannah/comments/endpointJS]
[www.gravatar.com/avatar/fb8cc51592ffcfa742142533eef5b05133fc.jpeg]
[www.gravatar.com/avatar/0ba18fca40c2403f4db611270b41e95033fc.jpeg]
[www.theroadunleashed.com/posts/cemeteries_parks_pet_friendly_savannah.html]
[www.theroadunleashed.com/posts/pet_friendly_atlanta_herbert_taylor_park/favicon.png]
[lh6.ggpht.com/-r-Ya9b8DZug/TkQK6ga389I/AAAAAAAAAPU/IjdnYw0ox6Q/herbert_taylor_park-1384a.jpg]
[lh4.ggpht.com/-VBRwyzOCC70/TkQLZrdpVeI/AAAAAAAAAPw/NOvK-cm_xVk/herbert_taylor_park-7384a.jpg]
[lh5.ggpht.com/-Gg8lS74oI14/TkQLF6hlxJI/AAAAAAAAAPg/g_My-EODKS0/herbert_taylor_park-4384a.jpg]
[lh3.ggpht.com/-Xjx8PupdkWM/TkQLSdOtEZI/AAAAAAAAAPk/TU7bGPfZahs/herbert_taylor_park-5384a.jpg]
[lh5.ggpht.com/-3bsa-NwocE8/TkQK9cRTghI/AAAAAAAAAPY/IKuelXBoTAE/herbert_taylor_park-2384a.jpg]
[lh6.ggpht.com/-4C7qa4zWv4Q/TkQLmfp8hzI/AAAAAAAAAQA/sLIxAgrOG1M/herbert_taylor_park-10384a.jpg]
[lh3.ggpht.com/-1jczLZrWySM/TkQLqdDJINI/AAAAAAAAAQE/mfBIZllRPbE/herbert_taylor_park-11384a.jpg]
[lh3.ggpht.com/-y8zo9JWWVHQ/TkQLBlkQB4I/AAAAAAAAAPc/9kPCJp0Z6lQ/herbert_taylor_park-3384a.jpg]
[lh3.ggpht.com/-sm4ADAOPMx0/TkQLjHjOiII/AAAAAAAAAP8/qrbx1Mul9Rg/herbert_taylor_park-9384a.jpg]
[lh5.ggpht.com/-tFlNaASBKAQ/TkQLxA4EuoI/AAAAAAAAAQI/3SHES7RvNf0/herbert_taylor_park-12384a.jpg]
[lh4.ggpht.com/-FplA-4AU-eE/TkQL1yWgvSI/AAAAAAAAAQM/1PhYcrf78bo/herbert_taylor_park-13384a.jpg]
[lh6.ggpht.com/-B_X03CSE7Dw/TkQMGxvezLI/AAAAAAAAAQc/guPYw69xIQE/herbert_taylor_park-17384a.jpg]
[lh3.ggpht.com/-6LEE2uQff2Y/TkQL6rXMbtI/AAAAAAAAAQQ/xBNk_725Dp0/herbert_taylor_park-14384a.jpg]
[lh4.ggpht.com/-b-4nbEjdj-w/TkQMNUA66hI/AAAAAAAAAQk/tf5lkHHVJnc/herbert_taylor_park-19384a.jpg]
[www.theroadunleashed.com/posts/pet_friendly_atlanta_herbert_taylor_park/comments/commentJS]
[www.theroadunleashed.com/posts/pet_friendly_atlanta_herbert_taylor_park/comments/endpointJS]
[www.theroadunleashed.com/posts/pet_friendly_atlanta_herbert_taylor_park.html]
[www.theroadunleashed.com/posts/pet_friendly_hilton_head_restaurants/favicon.png]
[lh6.ggpht.com/-qM2LG978yYk/TgtWs6nPuqI/AAAAAAAAANY/Df3xnWds_Pw/hhrestaurants-7384a.jpg]
[lh4.ggpht.com/-sR2v1Poxcec/TgtWagsilyI/AAAAAAAAANE/VWT-3TClfHs/hhrestaurants-2384a.jpg]
[lh4.ggpht.com/-2i3XLdbTSdw/TgtWpDQkdoI/AAAAAAAAANU/WdiLAa-_U4A/hhrestaurants-6384a.jpg]
[lh3.ggpht.com/-69EjHpsSOL8/TgtWf3akfjI/AAAAAAAAANM/VESsbD1TW8Q/hhrestaurants-4384a.jpg]
[lh5.ggpht.com/-hROyLJ7DY5U/TgtWj_3mmSI/AAAAAAAAANQ/bj1ehdk-YAg/hhrestaurants-5384a.jpg]
[lh6.ggpht.com/-YJfenmVgbZA/TgtZY_DnuCI/AAAAAAAAAOY/Gd1yRgQ5dRA/hhrestaurants-20384a.jpg]
[lh4.ggpht.com/-gGBjLNIrvBU/TgtZcyM1t4I/AAAAAAAAAOc/8y_iMJ5z_Dk/hhrestaurants-21384a.jpg]
[lh4.ggpht.com/-7NkMCihtwHY/TgtXFyCFSCI/AAAAAAAAAOI/lVhNHXgfDxs/hhrestaurants-19384a.jpg]
[lh5.ggpht.com/-SlklLhcOzi0/TgtXCoIPSeI/AAAAAAAAAN8/1zSpZZFM4Kw/hhrestaurants-16384a.jpg]
[lh6.ggpht.com/-UQlfsJg3T4k/TgtXDXed3yI/AAAAAAAAAOA/E4JOSbWdHBs/hhrestaurants-17384a.jpg]
[lh6.ggpht.com/-63X25RhpefQ/TgtXEuI4PPI/AAAAAAAAAOE/vrFfMVgvQoU/hhrestaurants-18384a.jpg]
[lh6.ggpht.com/-ClG2-qHNSU0/TgtW6EMmkkI/AAAAAAAAANo/XqxQ2AttpTI/hhrestaurants-11384a.jpg]
[lh5.ggpht.com/-YdqumNa4I0s/TgtWwUgEL0I/AAAAAAAAANc/JUoBZoY51N4/hhrestaurants-8384a.jpg]
[lh5.ggpht.com/-neO0kjZQNxM/TgtW1hILaJI/AAAAAAAAANk/BRBuv99fKSc/hhrestaurants-10384a.jpg]
[lh6.ggpht.com/-n90stPCFf0A/TgtWyWNdcqI/AAAAAAAAANg/vWJniaxOWW4/hhrestaurants-9384a.jpg]
[lh5.ggpht.com/-nZV0EyFw4d4/TgtW-1FiCnI/AAAAAAAAANw/feWXfLQgw00/hhrestaurants-13384a.jpg]
[lh5.ggpht.com/-G0qWdtaAbq4/TgtXAONdZ8I/AAAAAAAAAN0/N_HjuW-iP9s/hhrestaurants-14384a.jpg]
[lh5.ggpht.com/-bwi3V_cdCXY/TgtW9PhB_VI/AAAAAAAAANs/LpIe9YeaF0w/hhrestaurants-12384a.jpg]
[lh4.ggpht.com/--bLRtVgBDDQ/TgtiuUUDpvI/AAAAAAAAAOo/H11cArjBwGc/hhrestaurants-20-2384a.jpg]
[lh4.ggpht.com/-TUrnX8kSjJA/TgtXBJ0IwbI/AAAAAAAAAN4/MnuF6I0Pmxs/hhrestaurants-15384a.jpg]
[www.theroadunleashed.com/posts/pet_friendly_hilton_head_restaurants/comments/commentJS]
[www.theroadunleashed.com/posts/pet_friendly_hilton_head_restaurants/comments/endpointJS]
[www.gravatar.com/avatar/fa9efe1e5208662e1eb241a3ff0e929a33fc.jpeg]
[www.gravatar.com/avatar/e44c8475eb498c00ded5cfd80ac2603133fc.jpeg]
[www.theroadunleashed.com/posts/pet_friendly_hilton_head_restaurants.html]
[www.theroadunleashed.com/posts/planning_travel_with_dogs/favicon.png]
[lh3.ggpht.com/-HGP3S0n6_ME/TeaA6nfOT6I/AAAAAAAAAMU/ZfV-p0JaP7o/planning_dogs-2384a.jpg]
[lh4.ggpht.com/-WnwRAfHSyrk/TeaA0uVXDSI/AAAAAAAAAMM/cB_cS-mssVI/Southampton,-UK-to-Rijeka,-384a.jpg]
[lh6.ggpht.com/-rMG3iVnQr5c/TeaA695MQ1I/AAAAAAAAAMQ/EWTRk_-wEGs/planning_dogs-1384a.jpg]
[lh5.ggpht.com/-uf2SfiA166M/TeaCP4A7GpI/AAAAAAAAAMg/Nndk5CCuin8/planning_dogs-4384a.jpg]
[www.theroadunleashed.com/posts/planning_travel_with_dogs/comments/commentJS]
[www.theroadunleashed.com/posts/planning_travel_with_dogs/comments/endpointJS]
[www.gravatar.com/avatar/bbee605faf393474b28310fea476521533fc.jpeg]
[www.gravatar.com/avatar/3786278a37bb7aaa8ab1ae7245abe34b33fc.jpeg]
[www.gravatar.com/avatar/3b609f6f37ed9a970108f1fdbbd6df5933fc.jpeg]
[www.gravatar.com/avatar/8fd7bbcec41edce27c2e37db005a31d033fc.jpeg]
[www.gravatar.com/avatar/659761121ac8212dabbac1c5e914d97f33fc.jpeg]
[www.gravatar.com/avatar/d92d7a0f429624ba9974ea615a468da533fc.jpeg]
[www.gravatar.com/avatar/f539715b43a3d77a0d82b2dc74c5829b33fc.png]
[www.theroadunleashed.com/posts/planning_travel_with_dogs.html]
[www.theroadunleashed.com/posts/hilton_head_beaches/favicon.png]
[lh5.ggpht.com/_AiMw6GRvQuE/Tbihdu9ObPI/AAAAAAAAAKs/vTB_dBB3dOo/Hilton_head_beaches-15384a.jpg]
[lh6.ggpht.com/_AiMw6GRvQuE/Tbih1DLpVQI/AAAAAAAAALc/IydG8dz7fS4/Hilton_head_beaches-2384a.jpg]
[lh4.ggpht.com/_AiMw6GRvQuE/Tbiht9OIPOI/AAAAAAAAALM/6ueJbT37qbc/Hilton_head_beaches-7384a.jpg]
[lh4.ggpht.com/_AiMw6GRvQuE/TbiheAkjWUI/AAAAAAAAAKw/YQ-Nrw_1rr4/Hilton_head_beaches-14384a.jpg]
[lh6.ggpht.com/_AiMw6GRvQuE/TbihvRasy9I/AAAAAAAAALQ/TEJfNXH8sIY/Hilton_head_beaches-6384a.jpg]
[lh4.ggpht.com/_AiMw6GRvQuE/TbihySmGuAI/AAAAAAAAALY/YEz-_FKvHpE/Hilton_head_beaches-4384a.jpg]
[lh5.ggpht.com/_AiMw6GRvQuE/TbihvT03eFI/AAAAAAAAALU/smpFslSHDDE/Hilton_head_beaches-5384a.jpg]
[lh3.ggpht.com/_AiMw6GRvQuE/TbihdpOAcxI/AAAAAAAAAKo/flX7P31SXVY/Hilton_head_beaches-17384a.jpg]
[lh3.ggpht.com/_AiMw6GRvQuE/TbihY1Kz1sI/AAAAAAAAAKk/Q6Y9KG_4bgM/Hilton_head_beaches-18384a.jpg]
[lh5.ggpht.com/_AiMw6GRvQuE/TbihjYDHgjI/AAAAAAAAAK4/nROeoX6W1ok/Hilton_head_beaches-11384a.jpg]
[lh6.ggpht.com/_AiMw6GRvQuE/TbihrJbhDZI/AAAAAAAAALI/lRLLVf-8GaE/Hilton_head_beaches-8384a.jpg]
[lh4.ggpht.com/_AiMw6GRvQuE/TbihY97k_sI/AAAAAAAAAKg/H4HJCYqEfGI/Hilton_head_beaches-16384a.jpg]
[lh4.ggpht.com/_AiMw6GRvQuE/TbihnspVDXI/AAAAAAAAALA/7d8rKM8umns/Hilton_head_beaches-10384a.jpg]
[lh3.ggpht.com/_AiMw6GRvQuE/Tbihl71fl9I/AAAAAAAAAK8/JagRQjLoRj0/Hilton_head_beaches-12384a.jpg]
[www.theroadunleashed.com/posts/hilton_head_beaches/comments/commentJS]
[www.theroadunleashed.com/posts/hilton_head_beaches/comments/endpointJS]
[www.gravatar.com/avatar/b619320c9526451fea0e630fe013319333fc.png]
[www.gravatar.com/avatar/2f1f3dee3b131a1f639f12ca38062f4b33fc.jpeg]
[www.gravatar.com/avatar/cf8b2cf651212c3965447b5bf56c785933fc.png]
[www.gravatar.com/avatar/a64ec5604131c2845db8ea8c8437b70533fc.jpeg]
[www.gravatar.com/avatar/5614fb6bbefdee53bae0e3aa481fd63b33fc.jpeg]
[www.gravatar.com/avatar/5fe53e6f5f9cbf372a7463668a175fb433fc.png]
[www.gravatar.com/avatar/2a481a9edcce3591822f193c86d9166233fc.jpeg]
[www.gravatar.com/avatar/540e1a501c86e6ac3335ca7798f0389533fc.png]
[www.gravatar.com/avatar/ebbfdfcc4ee18f4dacbb8c54f073ff9733fc.png]
[www.gravatar.com/avatar/a862e41246b70c2a509986771724688733fc.png]
[www.gravatar.com/avatar/f1e25a7c69949316314b21ed0c6a04fb33fc.jpeg]
[www.theroadunleashed.com/posts/hilton_head_beaches.html]
[www.theroadunleashed.com/posts/ww_evolution_of_a_treat/favicon.png]
[www.theroadunleashed.com/posts/ww_evolution_of_a_treat.html]
[www.theroadunleashed.com/posts/welcome/favicon.png]
[lh4.ggpht.com/_AiMw6GRvQuE/TaIF5ksXFSI/AAAAAAAAAGQ/in1NQhbE0Fs/welcome_image384a.png]
[lh5.googleusercontent.com/_AiMw6GRvQuE/TaIrOCGeikI/AAAAAAAAAHY/XV4V-mUqWMM/hilton_head_dogs-1384a.jpg]
[www.theroadunleashed.com/posts/welcome/comments/commentJS]
[www.theroadunleashed.com/posts/welcome/comments/endpointJS]
[www.gravatar.com/avatar/bc99ca08584efdfdc2d34a7559ac6df533fc.jpeg]
[www.gravatar.com/avatar/8a7d129d87fbcdb254749e6a8d5d63b333fc.png]
[www.gravatar.com/avatar/2d1511a443dc464f81188a5880ba412533fc.jpeg]
[www.gravatar.com/avatar/1d753bb3be6d600d9e6c48a5f07bbbb233fc.jpeg]
[www.theroadunleashed.com/posts/welcome.html]
[www.theroadunleashed.com/about/favicon.png]
[lh3.ggpht.com/_vqAAFYgeDm8/TAOOc_JA81I/AAAAAAAAD7M/QZwr-hvfjzA/south_beach_granola_pic9384a.jpg]
[lh3.ggpht.com/_vqAAFYgeDm8/TAOPDuqdubI/AAAAAAAAD7U/hTlsWqvFotw/south_beach_granola_pic10384a.jpg]
[www.theroadunleashed.com/about.html]
[www.theroadunleashed.com/rss-email/favicon.png]
[www.theroadunleashed.com/rss-email.html]
[www.theroadunleashed.com/advertising.html]
[www.theroadunleashed.com/website.html]
[www.theroadunleashed.com/css/images/menubar.html]
[www.theroadunleashed.com/tagger/css/lightview.css]
[www.theroadunleashed.com/tagger/scripts/lightview.js]
[www.theroadunleashed.com/tagger/arellesleepypods.co.html]
[www.rafflecopter.com/static/js/raflcptr/build/raflcptr.min.html]
[www.theroadunleashed.com/tagger/www.crcdeco.com/blog/travaux-d-lectricit.html]
[www.theroadunleashed.com/tagger/www.iamalwayswithyou.com/funny-love-memes-her-him/index.html]
[www.theroadunleashed.com/tagger/www.qcsoftwaredownload.html]
[www.theroadunleashed.com/archives/css/lightview.css]
[www.theroadunleashed.com/archives/scripts/lightview.js]
[www.theroadunleashed.com/links/css/lightview.css]
[www.theroadunleashed.com/links/scripts/lightview.js]
[www.theroadunleashed.com/links/links.html]
[www.theroadunleashed.com/posts/queen_mary_2_southampton_embarkation/css/lightview.css]
[www.theroadunleashed.com/posts/queen_mary_2_southampton_embarkation/scripts/lightview.js]
[www.theroadunleashed.com/taggere237.html]
[www.theroadunleashed.com/posts/qm2_kennels_embarkation/css/lightview.css]
[www.theroadunleashed.com/posts/qm2_kennels_embarkation/scripts/lightview.js]
[www.theroadunleashed.com/posts/dogs_travel_packing_list/css/lightview.css]
[www.theroadunleashed.com/posts/dogs_travel_packing_list/scripts/lightview.js]
[www.theroadunleashed.com/posts/dogs_travel_packing_list/arellesleepypods.co.html]
[www.theroadunleashed.com/posts/pet_friendly_venice_go_with_oh/css/lightview.css]
[www.theroadunleashed.com/posts/pet_friendly_venice_go_with_oh/scripts/lightview.js]
[www.theroadunleashed.com/tagger6fe7.html]
[www.theroadunleashed.com/posts/pet_friendly_tuscany_ciulli/css/lightview.css]
[www.theroadunleashed.com/posts/pet_friendly_tuscany_ciulli/scripts/lightview.js]
[www.theroadunleashed.com/posts/pet_friendly_rome_apartment_and_parks/css/lightview.css]
[www.theroadunleashed.com/posts/pet_friendly_rome_apartment_and_parks/scripts/lightview.js]
[www.theroadunleashed.com/posts/pet_friendly_zagreb_apartment_parks/css/lightview.css]
[www.theroadunleashed.com/posts/pet_friendly_zagreb_apartment_parks/scripts/lightview.js]
[www.theroadunleashed.com/taggerd2bc.html]
[www.theroadunleashed.com/posts/the_are_we_insane_moment/css/lightview.css]
[www.theroadunleashed.com/posts/the_are_we_insane_moment/scripts/lightview.js]
[www.theroadunleashed.com/taggerb686.html]
[www.theroadunleashed.com/posts/pet_friendly_istria_parks_apartment/css/lightview.css]
[www.theroadunleashed.com/posts/pet_friendly_istria_parks_apartment/scripts/lightview.js]
[www.theroadunleashed.com/posts/pet_friendly_switzerland/css/lightview.css]
[www.theroadunleashed.com/posts/pet_friendly_switzerland/scripts/lightview.js]
[www.theroadunleashed.com/tagger95c8.html]
[www.theroadunleashed.com/posts/traveling_london_dogs/css/lightview.css]
[www.theroadunleashed.com/posts/traveling_london_dogs/scripts/lightview.js]
[www.theroadunleashed.com/taggerb842.html]
[www.theroadunleashed.com/posts/traveling_london_dogs/www.replicawatchesshop.co.uk/classic-watch.html]
[www.theroadunleashed.com/posts/pet_friendly_peak_district_england/css/lightview.css]
[www.theroadunleashed.com/posts/pet_friendly_peak_district_england/scripts/lightview.js]
[www.theroadunleashed.com/posts/pet_friendly_barcelona_parks_vacation_rental/css/lightview.css]
[www.theroadunleashed.com/posts/pet_friendly_barcelona_parks_vacation_rental/scripts/lightview.js]
[www.theroadunleashed.com/tagger6cb7.html]
[www.theroadunleashed.com/posts/pet_friendly_madrid_parks/css/lightview.css]
[www.theroadunleashed.com/posts/pet_friendly_madrid_parks/scripts/lightview.js]
[www.theroadunleashed.com/posts/pet_friendly_madrid_parks/http/www.whmulberryoutlet.co.html]
[www.theroadunleashed.com/posts/the_unvarnished_truth_on_travel_with_pets/css/lightview.css]
[www.theroadunleashed.com/posts/the_unvarnished_truth_on_travel_with_pets/scripts/lightview.js]
[www.theroadunleashed.com/posts/pet_friendly_brittany_ferries_cap_finistere/css/lightview.css]
[www.theroadunleashed.com/posts/pet_friendly_brittany_ferries_cap_finistere/scripts/lightview.js]
[www.theroadunleashed.com/tagger62b4.html]
[www.theroadunleashed.com/posts/pet_friendly_cornwall_gardens_moors/css/lightview.css]
[www.theroadunleashed.com/posts/pet_friendly_cornwall_gardens_moors/scripts/lightview.js]
[www.theroadunleashed.com/posts/cotswolds_pets_walks/css/lightview.css]
[www.theroadunleashed.com/posts/cotswolds_pets_walks/scripts/lightview.js]
[www.theroadunleashed.com/posts/Mr_Chewy_Giveaway/css/lightview.css]
[www.theroadunleashed.com/posts/Mr_Chewy_Giveaway/scripts/lightview.js]
[www.theroadunleashed.com/posts/cotswolds_wildlife_park_pets/css/lightview.css]
[www.theroadunleashed.com/posts/cotswolds_wildlife_park_pets/scripts/lightview.js]
[www.theroadunleashed.com/posts/cotswolds_wildlife_park_pets/http_/www.happymemorialdayimages2016.com/2016/05/happy-memorial-day-parade-photos.html]
[www.theroadunleashed.com/posts/cotswolds_wildlife_park_pets/http_/www.happymemorialdayimages2016.com/2016/05/happy-memorial-day-2016-messages-wishes.html]
[www.theroadunleashed.com/posts/cotswolds_wildlife_park_pets/http_/www.happymemorialdayimages2016.com/2016/05/happy-memorial-day-usa-sayings.html]
[www.theroadunleashed.com/posts/cotswolds_wildlife_park_pets/http_/www.mahresults.html]
[www.theroadunleashed.com/posts/cotswolds_wildlife_park_pets/http_/www.tutuappandroidhq.com/.html]
[www.theroadunleashed.com/posts/qm2_kennels_disembarkation/css/lightview.css]
[www.theroadunleashed.com/posts/qm2_kennels_disembarkation/scripts/lightview.js]
[www.theroadunleashed.com/posts/qm2_kennels_faq/css/lightview.css]
[www.theroadunleashed.com/posts/qm2_kennels_faq/scripts/lightview.js]
[www.theroadunleashed.com/posts/how_to_take_your_dogs_to_europe_paperwork/css/lightview.css]
[www.theroadunleashed.com/posts/how_to_take_your_dogs_to_europe_paperwork/scripts/lightview.js]
[www.theroadunleashed.com/posts/how_to_take_your_dogs_to_europe_paperwork/www.crcdeco.com/blog/travaux-d-lectricit.html]
[www.theroadunleashed.com/posts/Paperwork_to_Take_Dogs_to_Europe/css/lightview.css]
[www.theroadunleashed.com/posts/Paperwork_to_Take_Dogs_to_Europe/scripts/lightview.js]
[www.theroadunleashed.com/posts/pet_friendly_sheraton_brooklyn/css/lightview.css]
[www.theroadunleashed.com/posts/pet_friendly_sheraton_brooklyn/scripts/lightview.js]
[www.theroadunleashed.com/taggera807.html]
[www.theroadunleashed.com/posts/why_travel_with_dogs/css/lightview.css]
[www.theroadunleashed.com/posts/why_travel_with_dogs/scripts/lightview.js]
[www.theroadunleashed.com/posts/why_travel_with_dogs/www.iamalwayswithyou.com/funny-love-memes-her-him/index.html]
[www.theroadunleashed.com/posts/cemeteries_parks_pet_friendly_savannah/css/lightview.css]
[www.theroadunleashed.com/posts/cemeteries_parks_pet_friendly_savannah/scripts/lightview.js]
[www.theroadunleashed.com/posts/cemeteries_parks_pet_friendly_savannah/http_/lovesgadgets.tumblr.html]
[www.theroadunleashed.com/posts/pet_friendly_atlanta_herbert_taylor_park/css/lightview.css]
[www.theroadunleashed.com/posts/pet_friendly_atlanta_herbert_taylor_park/scripts/lightview.js]
[www.theroadunleashed.com/posts/pet_friendly_hilton_head_restaurants/css/lightview.css]
[www.theroadunleashed.com/posts/pet_friendly_hilton_head_restaurants/scripts/lightview.js]
[www.theroadunleashed.com/posts/planning_travel_with_dogs/css/lightview.css]
[www.theroadunleashed.com/posts/planning_travel_with_dogs/scripts/lightview.js]
[www.theroadunleashed.com/posts/hilton_head_beaches/css/lightview.css]
[www.theroadunleashed.com/posts/hilton_head_beaches/scripts/lightview.js]
[www.theroadunleashed.com/posts/ww_evolution_of_a_treat/css/lightview.css]
[www.theroadunleashed.com/posts/ww_evolution_of_a_treat/scripts/lightview.js]
[www.theroadunleashed.com/posts/ww_evolution_of_a_treat/www.qcsoftwaredownload.html]
[www.theroadunleashed.com/posts/welcome/css/lightview.css]
[www.theroadunleashed.com/posts/welcome/scripts/lightview.js]
[www.theroadunleashed.com/about/css/lightview.css]
[www.theroadunleashed.com/about/scripts/lightview.js]
[www.theroadunleashed.com/rss-email/css/lightview.css]
[www.theroadunleashed.com/rss-email/scripts/lightview.js]
[www.theroadunleashed.com/advertising/favicon.ico]
[www.theroadunleashed.com/website/favicon.ico]
[www.theroadunleashed.com/tagger/www.replicawatchesshop.co.uk/classic-watch.html]
[www.theroadunleashed.com/tagger/http/www.whmulberryoutlet.co.html]
[www.theroadunleashed.com/tagger/http_/lovesgadgets.tumblr.html]
[piclibrary.user-generated-content.co.uk/postoffice/125x125.gif]
[www.theroadunleashed.com/advertising/css/lightview.css]
[www.theroadunleashed.com/advertising/scripts/lightview.js]
[www.theroadunleashed.com/website/css/lightview.css]
[www.theroadunleashed.com/website/scripts/lightview.js]
